---------------------------------------
2021-04-06T17:10:17.270Z 10%
---------------------------------------
BTGBTC 64.525 64.525
NKNBTC 42.457 106.982
OGNBTC 41.92 148.902
BCDBTC 38.298 187.2
DATABTC 30.462 217.661
QTUMBTC 29.534 247.195
HNTBTC 28.152 275.347
WTCBTC 25.656 301.003
PHBBTC 24.444 325.447
XRPBTC 24.165 349.612
PONDBTC 23.607 373.219
ETCBTC 20.426 393.645
EASYBTC 19.286 412.931
NEARBTC 19.126 432.056
1INCHBTC 17.857 449.913
CDTBTC 15.476 465.389
AUCTIONBTC 14.925 480.314
ANTBTC 14.719 495.033
LTCBTC 14.204 509.237
PSGBTC 13.878 523.115
EGLDBTC 13.875 536.99
FTMBTC 13.277 550.267
INJBTC 13.176 563.443
FLMBTC 12.7 576.143
XEMBTC 12.5 588.643
WPRBTC 12.371 601.014
GTOBTC 11.834 612.848
AGIBTC 11.433 624.281
XVGBTC 11.392 635.673
YFIBTC 10.692 646.365
NEOBTC 10.417 656.782
GRSBTC -10.06 646.722
HIVEBTC -10.145 636.577
SKYBTC -10.386 626.191
AUDIOBTC -10.966 615.225
AERGOBTC -11.078 604.147
MTLBTC -11.107 593.04
WRXBTC -11.806 581.233
JSTBTC -12.203 569.03
STPTBTC -12.571 556.459
POLYBTC -12.722 543.737
QKCBTC -13.58 530.156
BTSBTC -15 515.155
EPSBTC -15.001 500.154
DREPBTC -17.505 482.649
STXBTC -18.881 463.768
AXSBTC -19.577 444.191
---------------------------------------
SNGLSBTC 9.375 0
BTCSTBTC 9.159 0
RENBTC 8.301 0
TCTBTC 8.257 0
DOGEBTC 8.163 0
JUVBTC 8.072 0
VETBTC 8 0
BCHBTC 7.933 0
UNFIBTC 7.928 0
AMBBTC 7.821 0
ADABTC 7.737 0
OSTBTC 7.595 0
RIFBTC 7.438 0
COTIBTC 7.418 0
LINKBTC 7.342 0
XLMBTC 6.905 0
SNMBTC 6.897 0
MATICBTC 6.788 0
OMGBTC 6.705 0
BNBBTC 6.654 0
ALGOBTC 6.638 0
VIDTBTC 6.573 0
RDNBTC 6.543 0
NXSBTC 6.298 0
FTTBTC 6.183 0
XTZBTC 5.923 0
LTOBTC 5.908 0
PIVXBTC 5.656 0
KAVABTC 5.599 0
APPCBTC 5.575 0
BATBTC 5.569 0
CTKBTC 5.473 0
IOSTBTC 5.435 0
FIOBTC 5.405 0
AIONBTC 5.402 0
IOTABTC 5.368 0
SNXBTC 5.311 0
YFIIBTC 5.012 0
GVTBTC 4.933 0
MDABTC 4.801 0
QLCBTC 4.712 0
BELBTC 4.53 0
IRISBTC 4.509 0
GXSBTC 4.281 0
KNCBTC 4.226 0
XVSBTC 4.066 0
WNXMBTC 4 0
ATMBTC 3.659 0
REPBTC 3.611 0
AVABTC 3.571 0
ACMBTC 3.561 0
ZRXBTC 3.508 0
BRDBTC 3.481 0
NASBTC 3.365 0
WABIBTC 3.223 0
HBARBTC 3.131 0
UNIBTC 2.929 0
LITBTC 2.898 0
SYSBTC 2.69 0
AVAXBTC 2.634 0
ALPHABTC 2.522 0
CAKEBTC 2.427 0
NANOBTC 2.426 0
CNDBTC 2.326 0
ONTBTC 2.188 0
STRAXBTC 2.155 0
BNTBTC 2.11 0
XMRBTC 2 0
OCEANBTC 1.885 0
QSPBTC 1.852 0
TRBBTC 1.842 0
PAXGBTC 1.788 0
DUSKBTC 1.618 0
REQBTC 1.544 0
NMRBTC 1.54 0
ENJBTC 1.529 0
WANBTC 1.411 0
DLTBTC 1.382 0
GRTBTC 1.377 0
SUSDBTC 1.342 0
LSKBTC 1.272 0
RVNBTC 1.254 0
RLCBTC 1.223 0
ETHBTC 1.194 0
HARDBTC 1.168 0
ATOMBTC 1.046 0
PNTBTC 1.045 0
ORNBTC 0.971 0
VIABTC 0.948 0
THETABTC 0.933 0
KSMBTC 0.915 0
POWRBTC 0.889 0
WAVESBTC 0.779 0
CRVBTC 0.557 0
POABTC 0.426 0
RAMPBTC 0.36 0
SUSHIBTC 0.076 0
SOLBTC 0.057 0
WBTCBTC 0.053 0
RENBTCBTC 0.044 0
BCCBTC 0 0
HSRBTC 0 0
MCOBTC 0 0
STRATBTC 0 0
SALTBTC 0 0
SUBBTC 0 0
ENGBTC 0 0
ICNBTC 0 0
MODBTC 0 0
VENBTC 0 0
BCPTBTC 0 0
ARNBTC 0 0
POEBTC 0 0
XZCBTC 0 0
TNTBTC 0 0
FUELBTC 0 0
DGDBTC 0 0
CMTBTC 0 0
LENDBTC 0 0
TNBBTC 0 0
EDOBTC 0 0
WINGSBTC 0 0
LUNBTC 0 0
TRIGBTC 0 0
VIBEBTC 0 0
INSBTC 0 0
CHATBTC 0 0
AEBTC 0 0
RPXBTC 0 0
NCASHBTC 0 0
STORMBTC 0 0
CLOAKBTC 0 0
GNTBTC 0 0
BCNBTC 0 0
TUSDBTC 0 0
IOTXBTC 0 0
NPXSBTC 0 0
KEYBTC 0 0
MFTBTC 0 0
DENTBTC 0 0
HOTBTC 0 0
PHXBTC 0 0
HCBTC 0 0
PAXBTC 0 0
BCHABCBTC 0 0
BCHSVBTC 0 0
BTTBTC 0 0
BTCBBTC 0 0
ERDBTC 0 0
WINBTC 0 0
COCOSBTC 0 0
MBLBTC 0 0
DAIBTC 0 0
BOTBTC 0 0
REEFBTC 0 0
BANDBTC -0.075 0
FETBTC -0.087 0
DCRBTC -0.184 0
DOTBTC -0.234 0
BLZBTC -0.346 0
DASHBTC -0.386 0
ASRBTC -0.402 0
ZECBTC -0.425 0
AAVEBTC -0.56 0
DNTBTC -0.562 0
FRONTBTC -0.73 0
CELOBTC -0.855 0
UMABTC -0.897 0
SNTBTC -0.984 0
EVXBTC -0.985 0
BALBTC -1.164 0
PHABTC -1.222 0
DEGOBTC -1.32 0
LINABTC -1.333 0
SCRTBTC -1.345 0
ZILBTC -1.695 0
TWTBTC -1.797 0
ALICEBTC -1.833 0
OGBTC -1.901 0
BADGERBTC -2.022 0
YOYOBTC -2.326 0
AKROBTC -2.381 0
BQXBTC -2.411 0
KMDBTC -2.477 0
OAXBTC -2.529 0
LRCBTC -2.537 0
FIROBTC -2.603 0
CVCBTC -2.605 0
RSRBTC -2.667 0
ICXBTC -2.693 0
MANABTC -2.786 0
CTXCBTC -2.894 0
CHZBTC -2.904 0
ASTBTC -2.988 0
EOSBTC -3.022 0
NAVBTC -3.044 0
BEAMBTC -3.211 0
BZRXBTC -3.305 0
RUNEBTC -3.584 0
GLMBTC -3.65 0
DODOBTC -3.777 0
VIBBTC -3.828 0
OXTBTC -3.919 0
FILBTC -3.919 0
DGBBTC -3.947 0
CHRBTC -3.96 0
TOMOBTC -3.993 0
COMPBTC -4.033 0
NULSBTC -4.052 0
OMBTC -4.071 0
SANDBTC -4.149 0
SKLBTC -4.16 0
MKRBTC -4.196 0
MDTBTC -4.403 0
TRUBTC -4.455 0
SFPBTC -4.468 0
CELRBTC -4.688 0
FISBTC -4.69 0
NBSBTC -4.819 0
CTSIBTC -4.832 0
ZENBTC -4.838 0
ELFBTC -4.875 0
WINGBTC -4.904 0
UTKBTC -5.363 0
FORBTC -5.405 0
STEEMBTC -5.439 0
CFXBTC -5.442 0
FXSBTC -5.875 0
PERPBTC -5.894 0
DOCKBTC -5.929 0
SRMBTC -5.95 0
ROSEBTC -6.034 0
SXPBTC -6.122 0
TRXBTC -6.14 0
PERLBTC -6.143 0
ANKRBTC -6.296 0
ONEBTC -6.391 0
GOBTC -6.4 0
DIABTC -6.418 0
ARKBTC -6.482 0
LUNABTC -6.594 0
COSBTC -6.667 0
CKBBTC -6.667 0
SUNBTC -6.692 0
RCNBTC -7.117 0
IDEXBTC -7.273 0
AUTOBTC -7.493 0
ARDRBTC -7.504 0
TROYBTC -7.547 0
STORJBTC -7.699 0
ADXBTC -7.789 0
MTHBTC -7.801 0
GASBTC -7.826 0
PPTBTC -7.958 0
ONGBTC -8.032 0
TFUELBTC -8.321 0
NEBLBTC -8.544 0
VITEBTC -8.549 0
TVKBTC -8.571 0
SCBTC -8.772 0
STMXBTC -8.844 0
FUNBTC -8.889 0
LOOMBTC -8.967 0
ARPABTC -9.692 0
MITHBTC -9.717 0
SUPERBTC -9.984 0
---------------------------------------
444.191 313 8.88382
---------------------------------------
