const btcMarkets = {
'ETHBTC':
{
  '2021-03-25': {
    '17': { openPrice: 0.030115, highPrice: 0.030743, lowPrice: 0.030115 },
    '21': { openPrice: 0.03053, highPrice: 0.031332, lowPrice: 0.030527 }
  },
  '2021-03-26': {
    '13': { openPrice: 0.030886, highPrice: 0.030952, lowPrice: 0.030359 },
    '17': { openPrice: 0.030414, highPrice: 0.030746, lowPrice: 0.030281 },
    '21': { openPrice: 0.030695, highPrice: 0.030975, lowPrice: 0.030542 },
    '01': { openPrice: 0.031273, highPrice: 0.031281, lowPrice: 0.030754 },
    '05': { openPrice: 0.030754, highPrice: 0.030944, lowPrice: 0.03053 },
    '09': { openPrice: 0.030921, highPrice: 0.03124, lowPrice: 0.030807 }
  },
  '2021-03-27': {
    '13': { openPrice: 0.030919, highPrice: 0.030953, lowPrice: 0.030733 },
    '17': { openPrice: 0.030794, highPrice: 0.030892, lowPrice: 0.030658 },
    '21': { openPrice: 0.030873, highPrice: 0.030944, lowPrice: 0.030578 },
    '01': { openPrice: 0.030788, highPrice: 0.03102, lowPrice: 0.030788 },
    '05': { openPrice: 0.030953, highPrice: 0.03105, lowPrice: 0.030712 },
    '09': { openPrice: 0.030875, highPrice: 0.031076, lowPrice: 0.030861 }
  },
  '2021-03-28': {
    '13': { openPrice: 0.030526, highPrice: 0.030649, lowPrice: 0.030425 },
    '17': { openPrice: 0.030566, highPrice: 0.030592, lowPrice: 0.030446 },
    '21': { openPrice: 0.030535, highPrice: 0.030538, lowPrice: 0.030287 },
    '01': { openPrice: 0.03061, highPrice: 0.030661, lowPrice: 0.030364 },
    '05': { openPrice: 0.030561, highPrice: 0.030886, lowPrice: 0.030521 },
    '09': { openPrice: 0.030678, highPrice: 0.030703, lowPrice: 0.030501 }
  },
  '2021-03-29': {
    '13': { openPrice: 0.030634, highPrice: 0.030779, lowPrice: 0.030404 },
    '17': { openPrice: 0.030481, highPrice: 0.03061, lowPrice: 0.030273 },
    '21': { openPrice: 0.030494, highPrice: 0.031007, lowPrice: 0.030486 },
    '01': { openPrice: 0.030326, highPrice: 0.030628, lowPrice: 0.030275 },
    '05': { openPrice: 0.030342, highPrice: 0.030439, lowPrice: 0.03021 },
    '09': { openPrice: 0.030246, highPrice: 0.030662, lowPrice: 0.030201 }
  },
  '2021-03-30': {
    '13': { openPrice: 0.03143, highPrice: 0.031435, lowPrice: 0.031224 },
    '17': { openPrice: 0.031284, highPrice: 0.031349, lowPrice: 0.031024 },
    '21': { openPrice: 0.031209, highPrice: 0.031282, lowPrice: 0.03108 },
    '01': { openPrice: 0.030984, highPrice: 0.031817, lowPrice: 0.030953 },
    '05': { openPrice: 0.031491, highPrice: 0.031645, lowPrice: 0.031305 },
    '09': { openPrice: 0.031529, highPrice: 0.03173, lowPrice: 0.031219 }
  },
  '2021-03-31': {
    '13': { openPrice: 0.031107, highPrice: 0.031362, lowPrice: 0.030914 },
    '17': { openPrice: 0.031177, highPrice: 0.031259, lowPrice: 0.031051 },
    '21': { openPrice: 0.031178, highPrice: 0.031383, lowPrice: 0.03112 },
    '01': { openPrice: 0.031276, highPrice: 0.03148, lowPrice: 0.031142 },
    '05': { openPrice: 0.031459, highPrice: 0.031486, lowPrice: 0.031314 },
    '09': { openPrice: 0.031328, highPrice: 0.031587, lowPrice: 0.031027 }
  },
  '2021-04-01': {
    '13': { openPrice: 0.032529, highPrice: 0.032828, lowPrice: 0.032456 },
    '17': { openPrice: 0.032745, highPrice: 0.033174, lowPrice: 0.032695 },
    '21': { openPrice: 0.032777, highPrice: 0.032989, lowPrice: 0.032608 },
    '01': { openPrice: 0.03119, highPrice: 0.03249, lowPrice: 0.031119 },
    '05': { openPrice: 0.032448, highPrice: 0.033043, lowPrice: 0.032396 },
    '09': { openPrice: 0.032674, highPrice: 0.032901, lowPrice: 0.032422 }
  },
  '2021-04-02': {
    '13': { openPrice: 0.033349, highPrice: 0.033658, lowPrice: 0.033323 },
    '17': { openPrice: 0.033561, highPrice: 0.033714, lowPrice: 0.033407 },
    '21': { openPrice: 0.033688, highPrice: 0.035111, lowPrice: 0.033632 },
    '01': { openPrice: 0.032967, highPrice: 0.033701, lowPrice: 0.032583 },
    '05': { openPrice: 0.033506, highPrice: 0.033611, lowPrice: 0.033311 },
    '09': { openPrice: 0.033512, highPrice: 0.033896, lowPrice: 0.033143 }
  },
  '2021-04-03': {
    '13': { openPrice: 0.035344, highPrice: 0.035864, lowPrice: 0.035222 },
    '17': { openPrice: 0.035599, highPrice: 0.035686, lowPrice: 0.035163 },
    '21': { openPrice: 0.035383, highPrice: 0.035635, lowPrice: 0.0352 },
    '01': { openPrice: 0.034865, highPrice: 0.03512, lowPrice: 0.03455 },
    '05': { openPrice: 0.035044, highPrice: 0.0363, lowPrice: 0.035044 },
    '09': { openPrice: 0.03619, highPrice: 0.036265, lowPrice: 0.035222 }
  },
  '2021-04-04': {
    '13': { openPrice: 0.035054, highPrice: 0.035344, lowPrice: 0.034927 },
    '17': { openPrice: 0.035316, highPrice: 0.03575, lowPrice: 0.035272 },
    '21': { openPrice: 0.035674, highPrice: 0.035961, lowPrice: 0.035554 },
    '01': { openPrice: 0.035202, highPrice: 0.035772, lowPrice: 0.034585 },
    '05': { openPrice: 0.03576, highPrice: 0.035792, lowPrice: 0.035055 },
    '09': { openPrice: 0.035204, highPrice: 0.035523, lowPrice: 0.034919 }
  },
  '2021-04-05': {
    '13': { openPrice: 0.035299, highPrice: 0.035475, lowPrice: 0.03521 },
    '17': { openPrice: 0.035431, highPrice: 0.035666, lowPrice: 0.03536 },
    '21': { openPrice: 0.035617, highPrice: 0.036102, lowPrice: 0.035521 },
    '01': { openPrice: 0.035856, highPrice: 0.035947, lowPrice: 0.035533 },
    '05': { openPrice: 0.035567, highPrice: 0.03577, lowPrice: 0.035455 },
    '09': { openPrice: 0.035668, highPrice: 0.035721, lowPrice: 0.035263 }
  },
  '2021-04-06': {
    '13': { openPrice: 0.03607, highPrice: 0.036283, lowPrice: 0.0358 },
    '17': { openPrice: 0.035837, highPrice: 0.036286, lowPrice: 0.035643 },
    '21': { openPrice: 0.036103, highPrice: 0.03619, lowPrice: 0.035608 },
    '01': { openPrice: 0.035803, highPrice: 0.035867, lowPrice: 0.035584 },
    '05': { openPrice: 0.035668, highPrice: 0.036105, lowPrice: 0.035599 },
    '09': { openPrice: 0.035641, highPrice: 0.036306, lowPrice: 0.035608 }
  },
  '2021-04-07': {
    '13': { openPrice: 0.036347, highPrice: 0.036492, lowPrice: 0.0358 },
    '17': { openPrice: 0.035869, highPrice: 0.03587, lowPrice: 0.034981 },
    '21': { openPrice: 0.035121, highPrice: 0.035405, lowPrice: 0.034708 },
    '01': { openPrice: 0.036058, highPrice: 0.036562, lowPrice: 0.03595 },
    '05': { openPrice: 0.0363, highPrice: 0.036605, lowPrice: 0.036175 },
    '09': { openPrice: 0.036419, highPrice: 0.036591, lowPrice: 0.036157 }
  },
  '2021-04-08': {
    '13': { openPrice: 0.035321, highPrice: 0.03565, lowPrice: 0.035257 },
    '17': { openPrice: 0.035558, highPrice: 0.035639, lowPrice: 0.035141 },
    '21': { openPrice: 0.035394, highPrice: 0.035664, lowPrice: 0.035283 },
    '01': { openPrice: 0.035021, highPrice: 0.03538, lowPrice: 0.034838 },
    '05': { openPrice: 0.035319, highPrice: 0.035642, lowPrice: 0.035014 },
    '09': { openPrice: 0.03508, highPrice: 0.035333, lowPrice: 0.03497 }
  },
  '2021-04-09': {
    '13': { openPrice: 0.035742, highPrice: 0.035866, lowPrice: 0.035639 },
    '17': { openPrice: 0.035789, highPrice: 0.035968, lowPrice: 0.035458 },
    '21': { openPrice: 0.035608, highPrice: 0.03565, lowPrice: 0.03536 },
    '01': { openPrice: 0.035653, highPrice: 0.03593, lowPrice: 0.035593 },
    '05': { openPrice: 0.035635, highPrice: 0.035916, lowPrice: 0.035514 },
    '09': { openPrice: 0.035824, highPrice: 0.035978, lowPrice: 0.035666 }
  },
  '2021-04-10': {
    '13': { openPrice: 0.036205, highPrice: 0.036285, lowPrice: 0.035509 },
    '17': { openPrice: 0.035761, highPrice: 0.035856, lowPrice: 0.035533 },
    '21': { openPrice: 0.035669, highPrice: 0.03585, lowPrice: 0.03556 },
    '01': { openPrice: 0.03541, highPrice: 0.035665, lowPrice: 0.035284 },
    '05': { openPrice: 0.035587, highPrice: 0.035668, lowPrice: 0.03547 },
    '09': { openPrice: 0.035546, highPrice: 0.036568, lowPrice: 0.035475 }
  },
  '2021-04-11': {
    '13': { openPrice: 0.035584, highPrice: 0.035738, lowPrice: 0.035471 },
    '17': { openPrice: 0.035719, highPrice: 0.036062, lowPrice: 0.035617 },
    '21': { openPrice: 0.035959, highPrice: 0.036078, lowPrice: 0.035802 },
    '01': { openPrice: 0.035788, highPrice: 0.035854, lowPrice: 0.035575 },
    '05': { openPrice: 0.035732, highPrice: 0.035811, lowPrice: 0.035543 },
    '09': { openPrice: 0.035696, highPrice: 0.035718, lowPrice: 0.035414 }
  },
  '2021-04-12': {
    '13': { openPrice: 0.035596, highPrice: 0.036011, lowPrice: 0.035571 },
    '17': { openPrice: 0.035927, highPrice: 0.03609, lowPrice: 0.035567 },
    '21': { openPrice: 0.035685, highPrice: 0.035712, lowPrice: 0.035344 },
    '01': { openPrice: 0.036022, highPrice: 0.036095, lowPrice: 0.035823 },
    '05': { openPrice: 0.035894, highPrice: 0.036001, lowPrice: 0.03565 },
    '09': { openPrice: 0.035854, highPrice: 0.03595, lowPrice: 0.03558 }
  },
  '2021-04-13': {
    '13': { openPrice: 0.03576, highPrice: 0.035922, lowPrice: 0.035402 },
    '17': { openPrice: 0.035443, highPrice: 0.0355, lowPrice: 0.034883 },
    '21': { openPrice: 0.035416, highPrice: 0.035974, lowPrice: 0.035216 },
    '01': { openPrice: 0.035371, highPrice: 0.035676, lowPrice: 0.035159 },
    '05': { openPrice: 0.035651, highPrice: 0.035842, lowPrice: 0.035639 },
    '09': { openPrice: 0.035714, highPrice: 0.035832, lowPrice: 0.035538 }
  },
  '2021-04-14': {
    '13': { openPrice: 0.036815, highPrice: 0.037214, lowPrice: 0.036728 },
    '17': { openPrice: 0.036872, highPrice: 0.037073, lowPrice: 0.036549 },
    '21': { openPrice: 0.037049, highPrice: 0.037349, lowPrice: 0.036676 },
    '01': { openPrice: 0.035929, highPrice: 0.036603, lowPrice: 0.035723 },
    '05': { openPrice: 0.036468, highPrice: 0.036533, lowPrice: 0.035981 },
    '09': { openPrice: 0.036175, highPrice: 0.036938, lowPrice: 0.036082 }
  },
  '2021-04-15': {
    '13': { openPrice: 0.039258, highPrice: 0.039455, lowPrice: 0.038856 },
    '17': { openPrice: 0.039292, highPrice: 0.039465, lowPrice: 0.0387 },
    '21': { openPrice: 0.038945, highPrice: 0.039684, lowPrice: 0.038796 },
    '01': { openPrice: 0.037262, highPrice: 0.037751, lowPrice: 0.037184 },
    '05': { openPrice: 0.037573, highPrice: 0.0389, lowPrice: 0.037531 },
    '09': { openPrice: 0.038635, highPrice: 0.039286, lowPrice: 0.038335 }
  },
  '2021-04-16': {
    '13': { openPrice: 0.039692, highPrice: 0.039732, lowPrice: 0.038842 },
    '17': { openPrice: 0.039508, highPrice: 0.039978, lowPrice: 0.038742 },
    '21': { openPrice: 0.039158, highPrice: 0.039553, lowPrice: 0.03805 },
    '01': { openPrice: 0.03925, highPrice: 0.039469, lowPrice: 0.038901 },
    '05': { openPrice: 0.039107, highPrice: 0.040177, lowPrice: 0.039071 },
    '09': { openPrice: 0.039795, highPrice: 0.040094, lowPrice: 0.0395 }
  },
  '2021-04-17': {
    '13': { openPrice: 0.03986, highPrice: 0.039984, lowPrice: 0.039501 },
    '17': { openPrice: 0.039636, highPrice: 0.039735, lowPrice: 0.039299 },
    '21': { openPrice: 0.039569, highPrice: 0.03966, lowPrice: 0.038725 },
    '01': { openPrice: 0.039453, highPrice: 0.039526, lowPrice: 0.039124 },
    '05': { openPrice: 0.039376, highPrice: 0.039781, lowPrice: 0.039296 },
    '09': { openPrice: 0.039494, highPrice: 0.040172, lowPrice: 0.039494 }
  },
  '2021-04-18': {
    '13': { openPrice: 0.039314, highPrice: 0.039529, lowPrice: 0.038725 },
    '17': { openPrice: 0.039341, highPrice: 0.039417, lowPrice: 0.038314 },
    '21': { openPrice: 0.038508, highPrice: 0.03883, lowPrice: 0.038113 },
    '01': { openPrice: 0.03891, highPrice: 0.03935, lowPrice: 0.038559 },
    '05': { openPrice: 0.039176, highPrice: 0.039391, lowPrice: 0.038576 },
    '09': { openPrice: 0.038619, highPrice: 0.039744, lowPrice: 0.03705 }
  },
  '2021-04-19': {
    '13': { openPrice: 0.039737, highPrice: 0.039812, lowPrice: 0.039417 },
    '17': { openPrice: 0.039576, highPrice: 0.039608, lowPrice: 0.039114 },
    '21': { openPrice: 0.039343, highPrice: 0.039453, lowPrice: 0.03835 },
    '01': { openPrice: 0.038668, highPrice: 0.039356, lowPrice: 0.038571 },
    '05': { openPrice: 0.039273, highPrice: 0.03989, lowPrice: 0.039187 },
    '09': { openPrice: 0.039816, highPrice: 0.04, lowPrice: 0.039304 }
  },
  '2021-04-20': {
    '13': { openPrice: 0.038301, highPrice: 0.038832, lowPrice: 0.038301 },
    '17': { openPrice: 0.038463, highPrice: 0.039242, lowPrice: 0.038438 },
    '21': { openPrice: 0.03901, highPrice: 0.039536, lowPrice: 0.038667 },
    '01': { openPrice: 0.038382, highPrice: 0.0391, lowPrice: 0.038298 },
    '05': { openPrice: 0.0391, highPrice: 0.03935, lowPrice: 0.038732 },
    '09': { openPrice: 0.038848, highPrice: 0.039, lowPrice: 0.038013 }
  },
  '2021-04-21': {
    '13': { openPrice: 0.041379, highPrice: 0.041813, lowPrice: 0.041342 },
    '17': { openPrice: 0.041482, highPrice: 0.041557, lowPrice: 0.041012 },
    '21': { openPrice: 0.041509, highPrice: 0.043559, lowPrice: 0.041503 },
    '01': { openPrice: 0.039526, highPrice: 0.041092, lowPrice: 0.039419 },
    '05': { openPrice: 0.041092, highPrice: 0.04144, lowPrice: 0.040456 },
    '09': { openPrice: 0.041301, highPrice: 0.041739, lowPrice: 0.040997 }
  },
  '2021-04-22': {
    '13': { openPrice: 0.044678, highPrice: 0.045786, lowPrice: 0.044492 },
    '17': { openPrice: 0.045656, highPrice: 0.046988, lowPrice: 0.045267 },
    '21': { openPrice: 0.04638, highPrice: 0.047784, lowPrice: 0.046324 },
    '01': { openPrice: 0.043505, highPrice: 0.044027, lowPrice: 0.043329 },
    '05': { openPrice: 0.043928, highPrice: 0.044, lowPrice: 0.0433 },
    '09': { openPrice: 0.043817, highPrice: 0.045, lowPrice: 0.043482 }
  },
  '2021-04-23': {
    '13': { openPrice: 0.04538, highPrice: 0.045414, lowPrice: 0.0439 },
    '17': { openPrice: 0.044484, highPrice: 0.046227, lowPrice: 0.04434 },
    '21': { openPrice: 0.04584, highPrice: 0.046965, lowPrice: 0.045181 },
    '01': { openPrice: 0.047754, highPrice: 0.048195, lowPrice: 0.0471 },
    '05': { openPrice: 0.04791, highPrice: 0.048, lowPrice: 0.04555 },
    '09': { openPrice: 0.04639, highPrice: 0.046918, lowPrice: 0.0435 }
  },
  '2021-04-24': {
    '13': { openPrice: 0.04584, highPrice: 0.046198, lowPrice: 0.04534 },
    '17': { openPrice: 0.045634, highPrice: 0.045918, lowPrice: 0.044231 },
    '21': { openPrice: 0.044411, highPrice: 0.045074, lowPrice: 0.04425 },
    '01': { openPrice: 0.046848, highPrice: 0.047026, lowPrice: 0.045903 },
    '05': { openPrice: 0.046461, highPrice: 0.046558, lowPrice: 0.045689 },
    '09': { openPrice: 0.046315, highPrice: 0.04632, lowPrice: 0.045136 }
  },
  '2021-04-25': {
    '13': { openPrice: 0.044074, highPrice: 0.044121, lowPrice: 0.04404 },
    '17': { openPrice: 0.044121, highPrice: 0.046297, lowPrice: 0.044121 },
    '21': { openPrice: 0.046175, highPrice: 0.046696, lowPrice: 0.046117 },
    '01': { openPrice: 0.044826, highPrice: 0.0451, lowPrice: 0.044541 },
    '05': { openPrice: 0.044799, highPrice: 0.045072, lowPrice: 0.044101 },
    '09': { openPrice: 0.044222, highPrice: 0.044752, lowPrice: 0.04371 }
  },
  '2021-04-26': {
    '13': { openPrice: 0.046847, highPrice: 0.047391, lowPrice: 0.046331 },
    '17': { openPrice: 0.046403, highPrice: 0.04714, lowPrice: 0.046195 },
    '21': { openPrice: 0.04697, highPrice: 0.04706, lowPrice: 0.046285 },
    '01': { openPrice: 0.046604, highPrice: 0.046808, lowPrice: 0.045897 },
    '05': { openPrice: 0.045968, highPrice: 0.04735, lowPrice: 0.045777 },
    '09': { openPrice: 0.047284, highPrice: 0.048011, lowPrice: 0.046627 }
  },
  '2021-04-27': {
    '13': { openPrice: 0.046629, highPrice: 0.047065, lowPrice: 0.046582 },
    '17': { openPrice: 0.046676, highPrice: 0.046851, lowPrice: 0.046444 },
    '21': { openPrice: 0.046656, highPrice: 0.048545, lowPrice: 0.046506 },
    '01': { openPrice: 0.046822, highPrice: 0.046987, lowPrice: 0.046 },
    '05': { openPrice: 0.046093, highPrice: 0.047068, lowPrice: 0.046 },
    '09': { openPrice: 0.046896, highPrice: 0.047099, lowPrice: 0.04646 }
  },
  '2021-04-28': {
    '13': { openPrice: 0.047973, highPrice: 0.048208, lowPrice: 0.047523 },
    '17': { openPrice: 0.048148, highPrice: 0.0492, lowPrice: 0.047794 },
    '21': { openPrice: 0.049077, highPrice: 0.049794, lowPrice: 0.0488 },
    '01': { openPrice: 0.048439, highPrice: 0.04868, lowPrice: 0.047626 },
    '05': { openPrice: 0.047886, highPrice: 0.048457, lowPrice: 0.047499 },
    '09': { openPrice: 0.048457, highPrice: 0.0489, lowPrice: 0.047657 }
  },
  '2021-04-29': {
    '13': { openPrice: 0.049651, highPrice: 0.050473, lowPrice: 0.049506 },
    '17': { openPrice: 0.050141, highPrice: 0.05098, lowPrice: 0.050131 },
    '21': { openPrice: 0.050872, highPrice: 0.0519, lowPrice: 0.050836 },
    '01': { openPrice: 0.049334, highPrice: 0.049951, lowPrice: 0.049188 },
    '05': { openPrice: 0.049418, highPrice: 0.050338, lowPrice: 0.048505 },
    '09': { openPrice: 0.050114, highPrice: 0.05015, lowPrice: 0.049501 }
  },
  '2021-04-30': {
    '13': { openPrice: 0.051108, highPrice: 0.051301, lowPrice: 0.050814 },
    '17': { openPrice: 0.051062, highPrice: 0.0512, lowPrice: 0.050438 },
    '21': { openPrice: 0.050513, highPrice: 0.050575, lowPrice: 0.0478 },
    '01': { openPrice: 0.05172, highPrice: 0.0519, lowPrice: 0.05134 },
    '05': { openPrice: 0.051567, highPrice: 0.05189, lowPrice: 0.051011 },
    '09': { openPrice: 0.051486, highPrice: 0.051665, lowPrice: 0.051013 }
  },
  '2021-05-01': {
    '13': { openPrice: 0.0488, highPrice: 0.049555, lowPrice: 0.048795 },
    '17': { openPrice: 0.049513, highPrice: 0.049736, lowPrice: 0.049034 },
    '21': { openPrice: 0.049423, highPrice: 0.049979, lowPrice: 0.049411 },
    '01': { openPrice: 0.047849, highPrice: 0.048939, lowPrice: 0.047702 },
    '05': { openPrice: 0.048833, highPrice: 0.048922, lowPrice: 0.047881 },
    '09': { openPrice: 0.048054, highPrice: 0.048999, lowPrice: 0.047308 }
  },
  '2021-05-02': {
    '13': { openPrice: 0.051401, highPrice: 0.051474, lowPrice: 0.050888 },
    '17': { openPrice: 0.051084, highPrice: 0.051543, lowPrice: 0.050771 },
    '21': { openPrice: 0.051432, highPrice: 0.051843, lowPrice: 0.05126 },
    '01': { openPrice: 0.049968, highPrice: 0.05118, lowPrice: 0.049958 },
    '05': { openPrice: 0.050649, highPrice: 0.051207, lowPrice: 0.050575 },
    '09': { openPrice: 0.050944, highPrice: 0.051556, lowPrice: 0.0509 }
  },
  '2021-05-03': {
    '13': { openPrice: 0.052733, highPrice: 0.054, lowPrice: 0.05254 },
    '17': { openPrice: 0.053528, highPrice: 0.054492, lowPrice: 0.053334 },
    '21': { openPrice: 0.053736, highPrice: 0.055074, lowPrice: 0.053268 },
    '01': { openPrice: 0.051753, highPrice: 0.052676, lowPrice: 0.05163 },
    '05': { openPrice: 0.05213, highPrice: 0.052655, lowPrice: 0.051768 },
    '09': { openPrice: 0.052131, highPrice: 0.052769, lowPrice: 0.051825 }
  },
  '2021-05-04': {
    '13': { openPrice: 0.0583, highPrice: 0.06069, lowPrice: 0.058253 },
    '17': { openPrice: 0.059255, highPrice: 0.062088, lowPrice: 0.058816 },
    '21': { openPrice: 0.061992, highPrice: 0.064412, lowPrice: 0.059971 },
    '01': { openPrice: 0.054929, highPrice: 0.057732, lowPrice: 0.054928 },
    '05': { openPrice: 0.057349, highPrice: 0.060201, lowPrice: 0.057112 },
    '09': { openPrice: 0.060017, highPrice: 0.060411, lowPrice: 0.057321 }
  },
  '2021-05-05': {
    '13': { openPrice: 0.060155, highPrice: 0.061, lowPrice: 0.059522 },
    '17': { openPrice: 0.060889, highPrice: 0.0615, lowPrice: 0.0602 },
    '21': { openPrice: 0.06084, highPrice: 0.061214, lowPrice: 0.05721 },
    '01': { openPrice: 0.060004, highPrice: 0.062584, lowPrice: 0.059022 },
    '05': { openPrice: 0.062577, highPrice: 0.062784, lowPrice: 0.0605 },
    '09': { openPrice: 0.060904, highPrice: 0.061705, lowPrice: 0.059575 }
  },
  '2021-05-06': {
    '13': { openPrice: 0.061087, highPrice: 0.061331, lowPrice: 0.059843 },
    '17': { openPrice: 0.060542, highPrice: 0.060831, lowPrice: 0.0596 },
    '21': { openPrice: 0.060752, highPrice: 0.0629, lowPrice: 0.060401 },
    '01': { openPrice: 0.057349, highPrice: 0.060993, lowPrice: 0.057 },
    '05': { openPrice: 0.060919, highPrice: 0.062004, lowPrice: 0.06021 },
    '09': { openPrice: 0.061359, highPrice: 0.061727, lowPrice: 0.060649 }
  },
  '2021-05-07': {
    '13': { openPrice: 0.061464, highPrice: 0.061866, lowPrice: 0.06064 },
    '17': { openPrice: 0.061581, highPrice: 0.061644, lowPrice: 0.060919 },
    '21': { openPrice: 0.060989, highPrice: 0.062168, lowPrice: 0.0606 },
    '01': { openPrice: 0.062209, highPrice: 0.0631, lowPrice: 0.0612 },
    '05': { openPrice: 0.062037, highPrice: 0.062748, lowPrice: 0.061535 },
    '09': { openPrice: 0.061882, highPrice: 0.062055, lowPrice: 0.061203 }
  },
  '2021-05-08': {
    '13': { openPrice: 0.060788, highPrice: 0.06156, lowPrice: 0.060292 },
    '17': { openPrice: 0.060355, highPrice: 0.060738, lowPrice: 0.059793 },
    '21': { openPrice: 0.060463, highPrice: 0.063119, lowPrice: 0.060299 },
    '01': { openPrice: 0.061905, highPrice: 0.062048, lowPrice: 0.060596 },
    '05': { openPrice: 0.06099, highPrice: 0.061021, lowPrice: 0.060122 },
    '09': { openPrice: 0.060703, highPrice: 0.061887, lowPrice: 0.060304 }
  },
  '2021-05-09': {
    '13': { openPrice: 0.066033, highPrice: 0.068604, lowPrice: 0.065923 },
    '17': { openPrice: 0.067939, highPrice: 0.068324, lowPrice: 0.066517 },
    '21': { openPrice: 0.066529, highPrice: 0.067616, lowPrice: 0.066051 },
    '01': { openPrice: 0.063053, highPrice: 0.065791, lowPrice: 0.062998 },
    '05': { openPrice: 0.064571, highPrice: 0.0673, lowPrice: 0.064547 },
    '09': { openPrice: 0.066439, highPrice: 0.067121, lowPrice: 0.06532 }
  },
  '2021-05-10': {
    '13': { openPrice: 0.068305, highPrice: 0.070431, lowPrice: 0.067933 },
    '17': { openPrice: 0.07035, highPrice: 0.0715, lowPrice: 0.069456 },
    '21': { openPrice: 0.07002, highPrice: 0.072277, lowPrice: 0.069961 },
    '01': { openPrice: 0.06759, highPrice: 0.0689, lowPrice: 0.067266 },
    '05': { openPrice: 0.06746, highPrice: 0.068097, lowPrice: 0.06667 },
    '09': { openPrice: 0.067375, highPrice: 0.06861, lowPrice: 0.065742 }
  },
  '2021-05-11': {
    '13': { openPrice: 0.069913, highPrice: 0.071273, lowPrice: 0.069674 },
    '17': { openPrice: 0.071085, highPrice: 0.072776, lowPrice: 0.070639 },
    '21': { openPrice: 0.071932, highPrice: 0.072023, lowPrice: 0.070851 },
    '01': { openPrice: 0.071316, highPrice: 0.073377, lowPrice: 0.071092 },
    '05': { openPrice: 0.071578, highPrice: 0.072695, lowPrice: 0.0675 },
    '09': { openPrice: 0.07071, highPrice: 0.071477, lowPrice: 0.068941 }
  },
  '2021-05-12': {
    '13': { openPrice: 0.075012, highPrice: 0.0762, lowPrice: 0.07444 },
    '17': { openPrice: 0.075418, highPrice: 0.076056, lowPrice: 0.075012 },
    '21': { openPrice: 0.075759, highPrice: 0.077, lowPrice: 0.074283 },
    '01': { openPrice: 0.071736, highPrice: 0.07234, lowPrice: 0.071282 },
    '05': { openPrice: 0.071837, highPrice: 0.0737, lowPrice: 0.071592 },
    '09': { openPrice: 0.073637, highPrice: 0.075313, lowPrice: 0.072717 }
  },
  '2021-05-13': {
    '13': { openPrice: 0.078153, highPrice: 0.078717, lowPrice: 0.077206 },
    '17': { openPrice: 0.077987, highPrice: 0.078345, lowPrice: 0.073428 },
    '21': { openPrice: 0.075217, highPrice: 0.076969, lowPrice: 0.074386 },
    '01': { openPrice: 0.075511, highPrice: 0.075961, lowPrice: 0.073382 },
    '05': { openPrice: 0.075021, highPrice: 0.080098, lowPrice: 0.074558 },
    '09': { openPrice: 0.076932, highPrice: 0.079757, lowPrice: 0.074445 }
  },
  '2021-05-14': {
    '13': { openPrice: 0.077121, highPrice: 0.07784, lowPrice: 0.076829 },
    '17': { openPrice: 0.077667, highPrice: 0.079366, lowPrice: 0.077059 },
    '21': { openPrice: 0.07915, highPrice: 0.08108, lowPrice: 0.078286 },
    '01': { openPrice: 0.075492, highPrice: 0.076981, lowPrice: 0.07488 },
    '05': { openPrice: 0.075137, highPrice: 0.076122, lowPrice: 0.074118 },
    '09': { openPrice: 0.074886, highPrice: 0.077491, lowPrice: 0.074451 }
  },
  '2021-05-15': {
    '13': { openPrice: 0.081119, highPrice: 0.081699, lowPrice: 0.080075 },
    '17': { openPrice: 0.080613, highPrice: 0.080965, lowPrice: 0.079255 },
    '21': { openPrice: 0.079742, highPrice: 0.079992, lowPrice: 0.07832 },
    '01': { openPrice: 0.080671, highPrice: 0.081629, lowPrice: 0.080229 },
    '05': { openPrice: 0.080717, highPrice: 0.08207, lowPrice: 0.080354 },
    '09': { openPrice: 0.081775, highPrice: 0.0824, lowPrice: 0.080837 }
  },
  '2021-05-16': {
    '13': { openPrice: 0.079095, highPrice: 0.079213, lowPrice: 0.078001 },
    '17': { openPrice: 0.078318, highPrice: 0.0784, lowPrice: 0.077162 },
    '21': { openPrice: 0.07731, highPrice: 0.077431, lowPrice: 0.075701 },
    '01': { openPrice: 0.07912, highPrice: 0.079127, lowPrice: 0.077601 },
    '05': { openPrice: 0.077988, highPrice: 0.079, lowPrice: 0.077528 },
    '09': { openPrice: 0.077959, highPrice: 0.080219, lowPrice: 0.077739 }
  },
  '2021-05-17': {
    '13': { openPrice: 0.075478, highPrice: 0.078258, lowPrice: 0.07402 },
    '17': { openPrice: 0.078005, highPrice: 0.078786, lowPrice: 0.076736 },
    '21': { openPrice: 0.076884, highPrice: 0.077606, lowPrice: 0.075636 },
    '01': { openPrice: 0.07611, highPrice: 0.077315, lowPrice: 0.074395 },
    '05': { openPrice: 0.075066, highPrice: 0.077862, lowPrice: 0.074808 },
    '09': { openPrice: 0.077152, highPrice: 0.077189, lowPrice: 0.074582 }
  },
  '2021-05-18': {
    '13': { openPrice: 0.075605, highPrice: 0.07828, lowPrice: 0.07554 },
    '17': { openPrice: 0.077719, highPrice: 0.078231, lowPrice: 0.076828 },
    '21': { openPrice: 0.077993, highPrice: 0.078297, lowPrice: 0.07626 },
    '01': { openPrice: 0.075786, highPrice: 0.0774, lowPrice: 0.07401 },
    '05': { openPrice: 0.076446, highPrice: 0.077318, lowPrice: 0.074682 },
    '09': { openPrice: 0.075391, highPrice: 0.075911, lowPrice: 0.074982 }
  },
  '2021-05-19': {
    '13': { openPrice: 0.076301, highPrice: 0.07684, lowPrice: 0.0737 },
    '17': { openPrice: 0.07396, highPrice: 0.074059, lowPrice: 0.0672 },
    '21': { openPrice: 0.070212, highPrice: 0.07399, lowPrice: 0.061 },
    '01': { openPrice: 0.07788, highPrice: 0.07909, lowPrice: 0.0776 },
    '05': { openPrice: 0.078656, highPrice: 0.0798, lowPrice: 0.078226 },
    '09': { openPrice: 0.078762, highPrice: 0.079428, lowPrice: 0.076 }
  },
  '2021-05-20': {
    '13': { openPrice: 0.064492, highPrice: 0.068293, lowPrice: 0.064191 },
    '17': { openPrice: 0.067901, highPrice: 0.068916, lowPrice: 0.066274 },
    '21': { openPrice: 0.068049, highPrice: 0.070696, lowPrice: 0.06721 },
    '01': { openPrice: 0.073563, highPrice: 0.074, lowPrice: 0.06551 },
    '05': { openPrice: 0.066098, highPrice: 0.069445, lowPrice: 0.065499 },
    '09': { openPrice: 0.066559, highPrice: 0.067336, lowPrice: 0.060941 }
  },
  '2021-05-21': {
    '13': { openPrice: 0.068608, highPrice: 0.06975, lowPrice: 0.067446 },
    '17': { openPrice: 0.067465, highPrice: 0.068117, lowPrice: 0.065649 },
    '21': { openPrice: 0.065942, highPrice: 0.0677, lowPrice: 0.064717 },
    '01': { openPrice: 0.070081, highPrice: 0.070385, lowPrice: 0.066769 },
    '05': { openPrice: 0.069412, highPrice: 0.07, lowPrice: 0.06745 },
    '09': { openPrice: 0.068311, highPrice: 0.070357, lowPrice: 0.067955 }
  },
  '2021-05-22': {
    '13': { openPrice: 0.063051, highPrice: 0.063401, lowPrice: 0.060525 },
    '17': { openPrice: 0.061989, highPrice: 0.064666, lowPrice: 0.061913 },
    '21': { openPrice: 0.063308, highPrice: 0.064299, lowPrice: 0.061434 },
    '01': { openPrice: 0.065741, highPrice: 0.066986, lowPrice: 0.064941 },
    '05': { openPrice: 0.065138, highPrice: 0.065713, lowPrice: 0.0627 },
    '09': { openPrice: 0.065245, highPrice: 0.06556, lowPrice: 0.06288 }
  },
  '2021-05-23': {
    '13': { openPrice: 0.061926, highPrice: 0.061926, lowPrice: 0.059578 },
    '17': { openPrice: 0.060072, highPrice: 0.06136, lowPrice: 0.058278 },
    '21': { openPrice: 0.059792, highPrice: 0.059809, lowPrice: 0.056344 },
    '01': { openPrice: 0.062042, highPrice: 0.062449, lowPrice: 0.059935 },
    '05': { openPrice: 0.060478, highPrice: 0.062797, lowPrice: 0.060477 },
    '09': { openPrice: 0.061273, highPrice: 0.062504, lowPrice: 0.060787 }
  },
  '2021-05-24': {
    '13': { openPrice: 0.060742, highPrice: 0.06256, lowPrice: 0.06012 },
    '17': { openPrice: 0.062508, highPrice: 0.063, lowPrice: 0.06161 },
    '21': { openPrice: 0.062993, highPrice: 0.066999, lowPrice: 0.062446 },
    '01': { openPrice: 0.057781, highPrice: 0.059889, lowPrice: 0.055332 },
    '05': { openPrice: 0.059544, highPrice: 0.06259, lowPrice: 0.05954 },
    '09': { openPrice: 0.060483, highPrice: 0.061809, lowPrice: 0.059881 }
  },
  '2021-05-25': {
    '13': { openPrice: 0.067428, highPrice: 0.068729, lowPrice: 0.066805 },
    '17': { openPrice: 0.068245, highPrice: 0.068468, lowPrice: 0.06484 },
    '21': { openPrice: 0.065499, highPrice: 0.069744, lowPrice: 0.06536 },
    '01': { openPrice: 0.06684, highPrice: 0.068, lowPrice: 0.065243 },
    '05': { openPrice: 0.066952, highPrice: 0.068461, lowPrice: 0.065865 },
    '09': { openPrice: 0.068266, highPrice: 0.069818, lowPrice: 0.06685 }
  },
  '2021-05-26': {
    '13': { openPrice: 0.071904, highPrice: 0.072034, lowPrice: 0.070817 },
    '17': { openPrice: 0.071469, highPrice: 0.071574, lowPrice: 0.070177 },
    '21': { openPrice: 0.071089, highPrice: 0.07159, lowPrice: 0.069304 },
    '01': { openPrice: 0.068212, highPrice: 0.0686, lowPrice: 0.066686 },
    '05': { openPrice: 0.067379, highPrice: 0.070999, lowPrice: 0.06721 },
    '09': { openPrice: 0.07057, highPrice: 0.072245, lowPrice: 0.069702 }
  },
  '2021-05-27': {
    '13': { openPrice: 0.071212, highPrice: 0.07209, lowPrice: 0.070862 },
    '17': { openPrice: 0.071452, highPrice: 0.071878, lowPrice: 0.070694 },
    '21': { openPrice: 0.071207, highPrice: 0.071333, lowPrice: 0.070485 },
    '01': { openPrice: 0.070813, highPrice: 0.071474, lowPrice: 0.069837 },
    '05': { openPrice: 0.071228, highPrice: 0.07358, lowPrice: 0.071 },
    '09': { openPrice: 0.073529, highPrice: 0.07374, lowPrice: 0.070747 }
  },
  '2021-05-28': {
    '13': { openPrice: 0.071033, highPrice: 0.0713, lowPrice: 0.068827 },
    '17': { openPrice: 0.069405, highPrice: 0.070142, lowPrice: 0.068736 },
    '21': { openPrice: 0.068904, highPrice: 0.07083, lowPrice: 0.068632 },
    '01': { openPrice: 0.070675, highPrice: 0.071508, lowPrice: 0.070368 },
    '05': { openPrice: 0.071117, highPrice: 0.071784, lowPrice: 0.070658 },
    '09': { openPrice: 0.071193, highPrice: 0.071594, lowPrice: 0.070671 }
  },
  '2021-05-29': {
    '13': { openPrice: 0.069271, highPrice: 0.069427, lowPrice: 0.068418 },
    '17': { openPrice: 0.068845, highPrice: 0.069293, lowPrice: 0.068348 },
    '21': { openPrice: 0.069267, highPrice: 0.069478, lowPrice: 0.0675 },
    '01': { openPrice: 0.069609, highPrice: 0.070195, lowPrice: 0.0689 },
    '05': { openPrice: 0.069832, highPrice: 0.069988, lowPrice: 0.067 },
    '09': { openPrice: 0.06765, highPrice: 0.07011, lowPrice: 0.066802 }
  },
  '2021-05-30': {
    '13': { openPrice: 0.066046, highPrice: 0.0682, lowPrice: 0.06557 },
    '17': { openPrice: 0.068128, highPrice: 0.068475, lowPrice: 0.06683 },
    '21': { openPrice: 0.067709, highPrice: 0.067715, lowPrice: 0.0665 },
    '01': { openPrice: 0.067673, highPrice: 0.068399, lowPrice: 0.065856 },
    '05': { openPrice: 0.066062, highPrice: 0.06645, lowPrice: 0.065047 },
    '09': { openPrice: 0.065856, highPrice: 0.06644, lowPrice: 0.06511 }
  },
  '2021-05-31': {
    '13': { openPrice: 0.066714, highPrice: 0.068863, lowPrice: 0.066624 },
    '17': { openPrice: 0.068357, highPrice: 0.069949, lowPrice: 0.068012 },
    '21': { openPrice: 0.069273, highPrice: 0.071444, lowPrice: 0.068683 },
    '01': { openPrice: 0.067149, highPrice: 0.068175, lowPrice: 0.066863 },
    '05': { openPrice: 0.067679, highPrice: 0.067807, lowPrice: 0.06687 },
    '09': { openPrice: 0.066933, highPrice: 0.0672, lowPrice: 0.066014 }
  },
  '2021-06-01': {
    '13': { openPrice: 0.071658, highPrice: 0.072848, lowPrice: 0.071516 },
    '17': { openPrice: 0.072023, highPrice: 0.072343, lowPrice: 0.07077 },
    '21': { openPrice: 0.071698, highPrice: 0.071698, lowPrice: 0.070359 },
    '01': { openPrice: 0.071356, highPrice: 0.071859, lowPrice: 0.0703 },
    '05': { openPrice: 0.071265, highPrice: 0.072761, lowPrice: 0.070819 },
    '09': { openPrice: 0.072668, highPrice: 0.072858, lowPrice: 0.071202 }
  },
  '2021-06-02': {
    '13': { openPrice: 0.071719, highPrice: 0.072808, lowPrice: 0.07137 },
    '17': { openPrice: 0.072342, highPrice: 0.072791, lowPrice: 0.071984 },
    '21': { openPrice: 0.072422, highPrice: 0.073434, lowPrice: 0.0722 },
    '01': { openPrice: 0.070884, highPrice: 0.071149, lowPrice: 0.07053 },
    '05': { openPrice: 0.070674, highPrice: 0.072, lowPrice: 0.070658 },
    '09': { openPrice: 0.07179, highPrice: 0.072056, lowPrice: 0.070886 }
  },
  '2021-06-03': {
    '13': { openPrice: 0.072421, highPrice: 0.073249, lowPrice: 0.072311 },
    '17': { openPrice: 0.072997, highPrice: 0.073717, lowPrice: 0.0723 },
    '21': { openPrice: 0.07236, highPrice: 0.07274, lowPrice: 0.071805 },
    '01': { openPrice: 0.073362, highPrice: 0.073533, lowPrice: 0.072376 },
    '05': { openPrice: 0.072798, highPrice: 0.072888, lowPrice: 0.071401 },
    '09': { openPrice: 0.072028, highPrice: 0.07248, lowPrice: 0.071571 }
  },
  '2021-06-04': {
    '13': { openPrice: 0.072581, highPrice: 0.072931, lowPrice: 0.071157 },
    '17': { openPrice: 0.071547, highPrice: 0.0721, lowPrice: 0.071306 },
    '21': { openPrice: 0.071748, highPrice: 0.072368, lowPrice: 0.071092 },
    '01': { openPrice: 0.072358, highPrice: 0.073101, lowPrice: 0.072287 },
    '05': { openPrice: 0.072388, highPrice: 0.073249, lowPrice: 0.072329 },
    '09': { openPrice: 0.072805, highPrice: 0.072916, lowPrice: 0.071692 }
  },
  '2021-06-05': {
    '13': { openPrice: 0.073843, highPrice: 0.074268, lowPrice: 0.0735 },
    '17': { openPrice: 0.074016, highPrice: 0.075, lowPrice: 0.073453 },
    '21': { openPrice: 0.073598, highPrice: 0.073917, lowPrice: 0.0726 },
    '01': { openPrice: 0.071935, highPrice: 0.072935, lowPrice: 0.0719 },
    '05': { openPrice: 0.072861, highPrice: 0.0736, lowPrice: 0.072522 },
    '09': { openPrice: 0.073013, highPrice: 0.073861, lowPrice: 0.072997 }
  },
  '2021-06-06': {
    '13': { openPrice: 0.074312, highPrice: 0.074616, lowPrice: 0.07411 },
    '17': { openPrice: 0.074415, highPrice: 0.075555, lowPrice: 0.074415 },
    '21': { openPrice: 0.075007, highPrice: 0.075319, lowPrice: 0.074606 },
    '01': { openPrice: 0.073109, highPrice: 0.073189, lowPrice: 0.072631 },
    '05': { openPrice: 0.072754, highPrice: 0.074067, lowPrice: 0.072725 },
    '09': { openPrice: 0.073989, highPrice: 0.074473, lowPrice: 0.073626 }
  },
  '2021-06-07': {
    '13': { openPrice: 0.076028, highPrice: 0.0769, lowPrice: 0.076028 },
    '17': { openPrice: 0.07649, highPrice: 0.077594, lowPrice: 0.0762 },
    '21': { openPrice: 0.07732, highPrice: 0.077558, lowPrice: 0.076629 },
    '01': { openPrice: 0.075254, highPrice: 0.07547, lowPrice: 0.074634 },
    '05': { openPrice: 0.074804, highPrice: 0.075961, lowPrice: 0.074705 },
    '09': { openPrice: 0.075752, highPrice: 0.076538, lowPrice: 0.075565 }
  },
  '2021-06-08': {
    '13': { openPrice: 0.075883, highPrice: 0.076579, lowPrice: 0.075233 },
    '17': { openPrice: 0.076328, highPrice: 0.076764, lowPrice: 0.07564 },
    '21': { openPrice: 0.076552, highPrice: 0.076614, lowPrice: 0.074313 },
    '01': { openPrice: 0.077233, highPrice: 0.077379, lowPrice: 0.07548 },
    '05': { openPrice: 0.076629, highPrice: 0.07738, lowPrice: 0.07609 },
    '09': { openPrice: 0.077249, highPrice: 0.077572, lowPrice: 0.074849 }
  },
  '2021-06-09': {
    '13': { openPrice: 0.07472, highPrice: 0.074833, lowPrice: 0.073128 },
    '17': { openPrice: 0.073253, highPrice: 0.073465, lowPrice: 0.072037 },
    '21': { openPrice: 0.072496, highPrice: 0.073232, lowPrice: 0.069867 },
    '01': { openPrice: 0.074898, highPrice: 0.0761, lowPrice: 0.074686 },
    '05': { openPrice: 0.076099, highPrice: 0.07636, lowPrice: 0.074985 },
    '09': { openPrice: 0.075123, highPrice: 0.075308, lowPrice: 0.074286 }
  },
  '2021-06-10': {
    '13': { openPrice: 0.06935, highPrice: 0.069392, lowPrice: 0.068846 },
    '17': { openPrice: 0.068939, highPrice: 0.069177, lowPrice: 0.067516 },
    '21': { openPrice: 0.067855, highPrice: 0.068231, lowPrice: 0.067005 },
    '01': { openPrice: 0.0706, highPrice: 0.071753, lowPrice: 0.070551 },
    '05': { openPrice: 0.070655, highPrice: 0.070924, lowPrice: 0.06931 },
    '09': { openPrice: 0.069812, highPrice: 0.069921, lowPrice: 0.069136 }
  },
  '2021-06-11': {
    '13': { openPrice: 0.067062, highPrice: 0.067164, lowPrice: 0.0658 },
    '17': { openPrice: 0.06584, highPrice: 0.066475, lowPrice: 0.065752 },
    '21': { openPrice: 0.066085, highPrice: 0.066161, lowPrice: 0.065481 },
    '01': { openPrice: 0.068079, highPrice: 0.068095, lowPrice: 0.067039 },
    '05': { openPrice: 0.067044, highPrice: 0.068, lowPrice: 0.066896 },
    '09': { openPrice: 0.067385, highPrice: 0.067499, lowPrice: 0.066623 }
  },
  '2021-06-12': {
    '13': { openPrice: 0.064639, highPrice: 0.065825, lowPrice: 0.064497 },
    '17': { openPrice: 0.065811, highPrice: 0.067352, lowPrice: 0.065469 },
    '21': { openPrice: 0.067117, highPrice: 0.068177, lowPrice: 0.067079 },
    '01': { openPrice: 0.065622, highPrice: 0.065763, lowPrice: 0.064329 },
    '05': { openPrice: 0.064378, highPrice: 0.064416, lowPrice: 0.06272 },
    '09': { openPrice: 0.06306, highPrice: 0.064844, lowPrice: 0.062793 }
  },
  '2021-06-13': {
    '13': { openPrice: 0.066929, highPrice: 0.067004, lowPrice: 0.065823 },
    '17': { openPrice: 0.065882, highPrice: 0.06634, lowPrice: 0.065676 },
    '21': { openPrice: 0.065822, highPrice: 0.06612, lowPrice: 0.065132 },
    '01': { openPrice: 0.067623, highPrice: 0.067825, lowPrice: 0.067175 },
    '05': { openPrice: 0.067432, highPrice: 0.06753, lowPrice: 0.066615 },
    '09': { openPrice: 0.066692, highPrice: 0.067599, lowPrice: 0.066488 }
  },
  '2021-06-14': {
    '13': { openPrice: 0.063585, highPrice: 0.063693, lowPrice: 0.063013 },
    '17': { openPrice: 0.063195, highPrice: 0.063581, lowPrice: 0.063076 },
    '21': { openPrice: 0.063293, highPrice: 0.063398, lowPrice: 0.062389 },
    '01': { openPrice: 0.065261, highPrice: 0.065326, lowPrice: 0.064429 },
    '05': { openPrice: 0.064549, highPrice: 0.065121, lowPrice: 0.06354 },
    '09': { openPrice: 0.064306, highPrice: 0.064424, lowPrice: 0.063184 }
  },
  '2021-06-15': {
    '13': { openPrice: 0.064032, highPrice: 0.0652, lowPrice: 0.064009 },
    '17': { openPrice: 0.064976, highPrice: 0.065119, lowPrice: 0.06442 },
    '21': { openPrice: 0.064701, highPrice: 0.064807, lowPrice: 0.063501 },
    '01': { openPrice: 0.063337, highPrice: 0.064646, lowPrice: 0.063246 },
    '05': { openPrice: 0.063944, highPrice: 0.064011, lowPrice: 0.063497 },
    '09': { openPrice: 0.063704, highPrice: 0.06463, lowPrice: 0.0637 }
  },
  '2021-06-16': {
    '13': { openPrice: 0.063019, highPrice: 0.0632, lowPrice: 0.062596 },
    '17': { openPrice: 0.063005, highPrice: 0.063246, lowPrice: 0.0625 },
    '21': { openPrice: 0.062954, highPrice: 0.063033, lowPrice: 0.062227 },
    '01': { openPrice: 0.063682, highPrice: 0.063917, lowPrice: 0.062967 },
    '05': { openPrice: 0.063358, highPrice: 0.063877, lowPrice: 0.06308 },
    '09': { openPrice: 0.063355, highPrice: 0.063397, lowPrice: 0.062897 }
  },
  '2021-06-17': {
    '13': { openPrice: 0.062633, highPrice: 0.062732, lowPrice: 0.062168 },
    '17': { openPrice: 0.062253, highPrice: 0.06237, lowPrice: 0.061774 },
    '21': { openPrice: 0.061939, highPrice: 0.062121, lowPrice: 0.061339 },
    '01': { openPrice: 0.062314, highPrice: 0.062639, lowPrice: 0.061726 },
    '05': { openPrice: 0.062521, highPrice: 0.062623, lowPrice: 0.061425 },
    '09': { openPrice: 0.061756, highPrice: 0.062791, lowPrice: 0.061632 }
  },
  '2021-06-18': {
    '13': { openPrice: 0.06175, highPrice: 0.062349, lowPrice: 0.061742 },
    '17': { openPrice: 0.062089, highPrice: 0.062249, lowPrice: 0.061181 },
    '21': { openPrice: 0.061336, highPrice: 0.061569, lowPrice: 0.06082 },
    '01': { openPrice: 0.061959, highPrice: 0.062084, lowPrice: 0.060963 },
    '05': { openPrice: 0.062065, highPrice: 0.062446, lowPrice: 0.061878 },
    '09': { openPrice: 0.0623, highPrice: 0.062467, lowPrice: 0.06166 }
  },
  '2021-06-19': {
    '13': { openPrice: 0.062339, highPrice: 0.063145, lowPrice: 0.062207 },
    '17': { openPrice: 0.062744, highPrice: 0.0629, lowPrice: 0.062195 },
    '21': { openPrice: 0.062357, highPrice: 0.062903, lowPrice: 0.06205 },
    '01': { openPrice: 0.060928, highPrice: 0.06125, lowPrice: 0.060313 },
    '05': { openPrice: 0.060982, highPrice: 0.062463, lowPrice: 0.060982 },
    '09': { openPrice: 0.062356, highPrice: 0.062847, lowPrice: 0.061924 }
  },
  '2021-06-20': {
    '13': { openPrice: 0.061459, highPrice: 0.062043, lowPrice: 0.061451 },
    '17': { openPrice: 0.06184, highPrice: 0.062416, lowPrice: 0.061026 },
    '21': { openPrice: 0.061243, highPrice: 0.061607, lowPrice: 0.061159 },
    '01': { openPrice: 0.062216, highPrice: 0.062576, lowPrice: 0.061545 },
    '05': { openPrice: 0.061784, highPrice: 0.061891, lowPrice: 0.06101 },
    '09': { openPrice: 0.061015, highPrice: 0.06148, lowPrice: 0.060833 }
  },
  '2021-06-21': {
    '13': { openPrice: 0.062243, highPrice: 0.062306, lowPrice: 0.060711 },
    '17': { openPrice: 0.060936, highPrice: 0.061499, lowPrice: 0.058929 },
    '21': { openPrice: 0.06054, highPrice: 0.061173, lowPrice: 0.059818 },
    '01': { openPrice: 0.061335, highPrice: 0.063025, lowPrice: 0.061208 },
    '05': { openPrice: 0.062604, highPrice: 0.063545, lowPrice: 0.062356 },
    '09': { openPrice: 0.063033, highPrice: 0.063578, lowPrice: 0.06215 }
  },
  '2021-06-22': {
    '13': { openPrice: 0.059855, highPrice: 0.060003, lowPrice: 0.059274 },
    '17': { openPrice: 0.059558, highPrice: 0.059976, lowPrice: 0.058727 },
    '21': { openPrice: 0.059774, highPrice: 0.060988, lowPrice: 0.05845 },
    '01': { openPrice: 0.060696, highPrice: 0.060772, lowPrice: 0.059303 },
    '05': { openPrice: 0.059676, highPrice: 0.060364, lowPrice: 0.059064 },
    '09': { openPrice: 0.059648, highPrice: 0.060485, lowPrice: 0.059509 }
  },
  '2021-06-23': {
    '13': { openPrice: 0.059244, highPrice: 0.059538, lowPrice: 0.0589 },
    '17': { openPrice: 0.059015, highPrice: 0.059024, lowPrice: 0.0583 },
    '21': { openPrice: 0.058729, highPrice: 0.058983, lowPrice: 0.058433 },
    '01': { openPrice: 0.058689, highPrice: 0.059342, lowPrice: 0.058146 },
    '05': { openPrice: 0.0585, highPrice: 0.058816, lowPrice: 0.057435 },
    '09': { openPrice: 0.057787, highPrice: 0.059604, lowPrice: 0.057 }
  },
  '2021-06-24': {
    '13': { openPrice: 0.058464, highPrice: 0.058709, lowPrice: 0.0583 },
    '17': { openPrice: 0.058424, highPrice: 0.058629, lowPrice: 0.057943 },
    '21': { openPrice: 0.058057, highPrice: 0.058585, lowPrice: 0.057639 },
    '01': { openPrice: 0.058957, highPrice: 0.059236, lowPrice: 0.058285 },
    '05': { openPrice: 0.058285, highPrice: 0.058537, lowPrice: 0.058083 },
    '09': { openPrice: 0.058447, highPrice: 0.058802, lowPrice: 0.058133 }
  },
  '2021-06-25': {
    '13': { openPrice: 0.056924, highPrice: 0.057252, lowPrice: 0.056654 },
    '17': { openPrice: 0.056713, highPrice: 0.056729, lowPrice: 0.055267 },
    '21': { openPrice: 0.055626, highPrice: 0.056517, lowPrice: 0.055295 },
    '01': { openPrice: 0.058585, highPrice: 0.058728, lowPrice: 0.057649 },
    '05': { openPrice: 0.057712, highPrice: 0.057783, lowPrice: 0.056964 },
    '09': { openPrice: 0.057401, highPrice: 0.057648, lowPrice: 0.056749 }
  },
  '2021-06-26': {
    '13': { openPrice: 0.05689, highPrice: 0.057134, lowPrice: 0.05601 },
    '17': { openPrice: 0.05703, highPrice: 0.05715, lowPrice: 0.056458 },
    '21': { openPrice: 0.056707, highPrice: 0.057564, lowPrice: 0.056258 },
    '01': { openPrice: 0.056035, highPrice: 0.057658, lowPrice: 0.055738 },
    '05': { openPrice: 0.057456, highPrice: 0.058394, lowPrice: 0.057288 },
    '09': { openPrice: 0.057288, highPrice: 0.057475, lowPrice: 0.056671 }
  },
  '2021-06-27': {
    '13': { openPrice: 0.056797, highPrice: 0.05694, lowPrice: 0.055805 },
    '17': { openPrice: 0.056094, highPrice: 0.056149, lowPrice: 0.055252 },
    '21': { openPrice: 0.055329, highPrice: 0.055827, lowPrice: 0.055242 },
    '01': { openPrice: 0.056435, highPrice: 0.056625, lowPrice: 0.056086 },
    '05': { openPrice: 0.056535, highPrice: 0.056922, lowPrice: 0.056163 },
    '09': { openPrice: 0.056677, highPrice: 0.05723, lowPrice: 0.056469 }
  },
  '2021-06-28': {
    '13': { openPrice: 0.057209, highPrice: 0.058558, lowPrice: 0.057081 },
    '17': { openPrice: 0.058498, highPrice: 0.059499, lowPrice: 0.0582 },
    '21': { openPrice: 0.058632, highPrice: 0.060839, lowPrice: 0.058432 },
    '01': { openPrice: 0.055541, highPrice: 0.055762, lowPrice: 0.055205 },
    '05': { openPrice: 0.055559, highPrice: 0.057327, lowPrice: 0.055408 },
    '09': { openPrice: 0.057124, highPrice: 0.057671, lowPrice: 0.056941 }
  },
  '2021-06-29': {
    '13': { openPrice: 0.060851, highPrice: 0.061739, lowPrice: 0.060656 },
    '17': { openPrice: 0.061144, highPrice: 0.061585, lowPrice: 0.0608 },
    '21': { openPrice: 0.061201, highPrice: 0.061451, lowPrice: 0.060554 },
    '01': { openPrice: 0.060535, highPrice: 0.061997, lowPrice: 0.060465 },
    '05': { openPrice: 0.061388, highPrice: 0.061806, lowPrice: 0.060211 },
    '09': { openPrice: 0.060424, highPrice: 0.061434, lowPrice: 0.060322 }
  },
  '2021-06-30': {
    '13': { openPrice: 0.06055, highPrice: 0.061514, lowPrice: 0.0602 },
    '17': { openPrice: 0.061325, highPrice: 0.06188, lowPrice: 0.0611 },
    '21': { openPrice: 0.061868, highPrice: 0.061979, lowPrice: 0.061201 },
    '01': { openPrice: 0.061192, highPrice: 0.061997, lowPrice: 0.06097 },
    '05': { openPrice: 0.06107, highPrice: 0.061217, lowPrice: 0.060157 },
    '09': { openPrice: 0.060298, highPrice: 0.06084, lowPrice: 0.059968 }
  },
  '2021-07-01': {
    '13': { openPrice: 0.064026, highPrice: 0.064851, lowPrice: 0.063808 },
    '17': { openPrice: 0.063841, highPrice: 0.064103, lowPrice: 0.063067 },
    '21': { openPrice: 0.063441, highPrice: 0.063668, lowPrice: 0.062727 },
    '01': { openPrice: 0.061503, highPrice: 0.064631, lowPrice: 0.061376 },
    '05': { openPrice: 0.06455, highPrice: 0.065502, lowPrice: 0.064363 },
    '09': { openPrice: 0.064924, highPrice: 0.064989, lowPrice: 0.063895 }
  },
  '2021-07-02': {
    '13': { openPrice: 0.062028, highPrice: 0.062221, lowPrice: 0.06161 },
    '17': { openPrice: 0.061809, highPrice: 0.062068, lowPrice: 0.061515 },
    '21': { openPrice: 0.061722, highPrice: 0.063156, lowPrice: 0.061631 },
    '01': { openPrice: 0.063363, highPrice: 0.063565, lowPrice: 0.062669 },
    '05': { openPrice: 0.063453, highPrice: 0.063764, lowPrice: 0.062862 },
    '09': { openPrice: 0.062875, highPrice: 0.063267, lowPrice: 0.061986 }
  },
  '2021-07-03': {
    '13': { openPrice: 0.063573, highPrice: 0.063868, lowPrice: 0.063396 },
    '17': { openPrice: 0.063635, highPrice: 0.064243, lowPrice: 0.063464 },
    '21': { openPrice: 0.063961, highPrice: 0.0645, lowPrice: 0.063924 },
    '01': { openPrice: 0.063025, highPrice: 0.063182, lowPrice: 0.06261 },
    '05': { openPrice: 0.063117, highPrice: 0.06408, lowPrice: 0.06276 },
    '09': { openPrice: 0.063757, highPrice: 0.06405, lowPrice: 0.063355 }
  },
  '2021-07-04': {
    '13': { openPrice: 0.063788, highPrice: 0.066038, lowPrice: 0.063738 },
    '17': { openPrice: 0.065547, highPrice: 0.065933, lowPrice: 0.065206 },
    '21': { openPrice: 0.065641, highPrice: 0.065696, lowPrice: 0.065373 },
    '01': { openPrice: 0.06428, highPrice: 0.064378, lowPrice: 0.063858 },
    '05': { openPrice: 0.064059, highPrice: 0.064333, lowPrice: 0.063414 },
    '09': { openPrice: 0.064231, highPrice: 0.064344, lowPrice: 0.063657 }
  },
  '2021-07-05': {
    '13': { openPrice: 0.065927, highPrice: 0.066777, lowPrice: 0.06587 },
    '17': { openPrice: 0.066381, highPrice: 0.06695, lowPrice: 0.065452 },
    '21': { openPrice: 0.065754, highPrice: 0.066261, lowPrice: 0.065493 },
    '01': { openPrice: 0.065634, highPrice: 0.06659, lowPrice: 0.065634 },
    '05': { openPrice: 0.066262, highPrice: 0.066635, lowPrice: 0.065333 },
    '09': { openPrice: 0.065813, highPrice: 0.066545, lowPrice: 0.065426 }
  },
  '2021-07-06': {
    '13': { openPrice: 0.065977, highPrice: 0.0672, lowPrice: 0.065924 },
    '17': { openPrice: 0.06701, highPrice: 0.067506, lowPrice: 0.066065 },
    '21': { openPrice: 0.067321, highPrice: 0.068219, lowPrice: 0.067188 },
    '01': { openPrice: 0.065686, highPrice: 0.065984, lowPrice: 0.064726 },
    '05': { openPrice: 0.065802, highPrice: 0.065992, lowPrice: 0.065085 },
    '09': { openPrice: 0.065196, highPrice: 0.066131, lowPrice: 0.06508 }
  },
  '2021-07-07': {
    '13': { openPrice: 0.067922, highPrice: 0.069138, lowPrice: 0.067735 },
    '17': { openPrice: 0.068476, highPrice: 0.068752, lowPrice: 0.068255 },
    '21': { openPrice: 0.068459, highPrice: 0.068731, lowPrice: 0.067415 },
    '01': { openPrice: 0.067743, highPrice: 0.068574, lowPrice: 0.06755 },
    '05': { openPrice: 0.068417, highPrice: 0.068417, lowPrice: 0.067547 },
    '09': { openPrice: 0.067863, highPrice: 0.068189, lowPrice: 0.067475 }
  },
  '2021-07-08': {
    '13': { openPrice: 0.067662, highPrice: 0.067662, lowPrice: 0.066718 },
    '17': { openPrice: 0.067163, highPrice: 0.067275, lowPrice: 0.065873 },
    '21': { openPrice: 0.066311, highPrice: 0.066341, lowPrice: 0.0657 },
    '01': { openPrice: 0.067825, highPrice: 0.068425, lowPrice: 0.067638 },
    '05': { openPrice: 0.068347, highPrice: 0.068582, lowPrice: 0.067847 },
    '09': { openPrice: 0.068409, highPrice: 0.068887, lowPrice: 0.0676 }
  },
  '2021-07-09': {
    '13': { openPrice: 0.064392, highPrice: 0.065097, lowPrice: 0.064226 },
    '17': { openPrice: 0.064615, highPrice: 0.064623, lowPrice: 0.063388 },
    '21': { openPrice: 0.063489, highPrice: 0.06512, lowPrice: 0.06301 },
    '01': { openPrice: 0.066095, highPrice: 0.066148, lowPrice: 0.06528 },
    '05': { openPrice: 0.065381, highPrice: 0.065467, lowPrice: 0.064144 },
    '09': { openPrice: 0.064367, highPrice: 0.064492, lowPrice: 0.063335 }
  },
  '2021-07-10': {
    '13': { openPrice: 0.063117, highPrice: 0.063232, lowPrice: 0.062499 },
    '17': { openPrice: 0.062847, highPrice: 0.063096, lowPrice: 0.062021 },
    '21': { openPrice: 0.062432, highPrice: 0.062698, lowPrice: 0.062124 },
    '01': { openPrice: 0.064717, highPrice: 0.064866, lowPrice: 0.063677 },
    '05': { openPrice: 0.063796, highPrice: 0.063861, lowPrice: 0.063284 },
    '09': { openPrice: 0.063492, highPrice: 0.064106, lowPrice: 0.06301 }
  },
  '2021-07-11': {
    '13': { openPrice: 0.062524, highPrice: 0.062714, lowPrice: 0.062398 },
    '17': { openPrice: 0.062657, highPrice: 0.063098, lowPrice: 0.062516 },
    '21': { openPrice: 0.062962, highPrice: 0.063369, lowPrice: 0.062777 },
    '01': { openPrice: 0.062569, highPrice: 0.063285, lowPrice: 0.062279 },
    '05': { openPrice: 0.062659, highPrice: 0.063213, lowPrice: 0.062618 },
    '09': { openPrice: 0.063003, highPrice: 0.063317, lowPrice: 0.062398 }
  },
  '2021-07-12': {
    '13': { openPrice: 0.062812, highPrice: 0.062846, lowPrice: 0.062485 },
    '17': { openPrice: 0.062602, highPrice: 0.062716, lowPrice: 0.062326 },
    '21': { openPrice: 0.06266, highPrice: 0.062971, lowPrice: 0.062459 },
    '01': { openPrice: 0.063188, highPrice: 0.063745, lowPrice: 0.062953 },
    '05': { openPrice: 0.062988, highPrice: 0.063119, lowPrice: 0.062359 },
    '09': { openPrice: 0.062485, highPrice: 0.063004, lowPrice: 0.062302 }
  },
  '2021-07-13': {
    '13': { openPrice: 0.061378, highPrice: 0.061429, lowPrice: 0.060316 },
    '17': { openPrice: 0.061107, highPrice: 0.061393, lowPrice: 0.060429 },
    '21': { openPrice: 0.060459, highPrice: 0.061123, lowPrice: 0.060299 },
    '01': { openPrice: 0.062612, highPrice: 0.062802, lowPrice: 0.061029 },
    '05': { openPrice: 0.061547, highPrice: 0.061849, lowPrice: 0.061259 },
    '09': { openPrice: 0.061401, highPrice: 0.061567, lowPrice: 0.060998 }
  },
  '2021-07-14': {
    '13': { openPrice: 0.059199, highPrice: 0.059628, lowPrice: 0.058706 },
    '17': { openPrice: 0.059519, highPrice: 0.060243, lowPrice: 0.059119 },
    '21': { openPrice: 0.060066, highPrice: 0.061398, lowPrice: 0.059938 },
    '01': { openPrice: 0.060965, highPrice: 0.06113, lowPrice: 0.0595 },
    '05': { openPrice: 0.059558, highPrice: 0.060032, lowPrice: 0.059277 },
    '09': { openPrice: 0.05929, highPrice: 0.059467, lowPrice: 0.058403 }
  },
  '2021-07-15': {
    '13': { openPrice: 0.060628, highPrice: 0.060725, lowPrice: 0.06 },
    '17': { openPrice: 0.060178, highPrice: 0.06071, lowPrice: 0.059901 },
    '21': { openPrice: 0.059998, highPrice: 0.060662, lowPrice: 0.059686 },
    '01': { openPrice: 0.060867, highPrice: 0.061057, lowPrice: 0.06049 },
    '05': { openPrice: 0.060507, highPrice: 0.060913, lowPrice: 0.060507 },
    '09': { openPrice: 0.060764, highPrice: 0.062159, lowPrice: 0.060077 }
  },
  '2021-07-16': {
    '13': { openPrice: 0.061086, highPrice: 0.061376, lowPrice: 0.060053 },
    '17': { openPrice: 0.060187, highPrice: 0.060202, lowPrice: 0.059108 },
    '21': { openPrice: 0.059582, highPrice: 0.060205, lowPrice: 0.059478 },
    '01': { openPrice: 0.060395, highPrice: 0.061065, lowPrice: 0.059951 },
    '05': { openPrice: 0.060816, highPrice: 0.060897, lowPrice: 0.060105 },
    '09': { openPrice: 0.060218, highPrice: 0.0612, lowPrice: 0.060075 }
  },
  '2021-07-17': {
    '13': { openPrice: 0.059635, highPrice: 0.060063, lowPrice: 0.059586 },
    '17': { openPrice: 0.059592, highPrice: 0.060013, lowPrice: 0.059082 },
    '21': { openPrice: 0.059389, highPrice: 0.059732, lowPrice: 0.059229 },
    '01': { openPrice: 0.060207, highPrice: 0.060306, lowPrice: 0.05967 },
    '05': { openPrice: 0.059963, highPrice: 0.060028, lowPrice: 0.059429 },
    '09': { openPrice: 0.05979, highPrice: 0.060109, lowPrice: 0.059404 }
  },
  '2021-07-18': {
    '13': { openPrice: 0.061599, highPrice: 0.061891, lowPrice: 0.061302 },
    '17': { openPrice: 0.061793, highPrice: 0.062121, lowPrice: 0.061741 },
    '21': { openPrice: 0.061805, highPrice: 0.061997, lowPrice: 0.060073 },
    '01': { openPrice: 0.059428, highPrice: 0.060214, lowPrice: 0.059338 },
    '05': { openPrice: 0.059947, highPrice: 0.060274, lowPrice: 0.059731 },
    '09': { openPrice: 0.060261, highPrice: 0.061956, lowPrice: 0.060233 }
  },
  '2021-07-19': {
    '13': { openPrice: 0.059775, highPrice: 0.060244, lowPrice: 0.059627 },
    '17': { openPrice: 0.059853, highPrice: 0.060038, lowPrice: 0.059468 },
    '21': { openPrice: 0.05956, highPrice: 0.059628, lowPrice: 0.058697 },
    '01': { openPrice: 0.060289, highPrice: 0.060408, lowPrice: 0.06 },
    '05': { openPrice: 0.060071, highPrice: 0.060433, lowPrice: 0.059391 },
    '09': { openPrice: 0.059521, highPrice: 0.059915, lowPrice: 0.059293 }
  },
  '2021-07-20': {
    '13': { openPrice: 0.05839, highPrice: 0.059362, lowPrice: 0.058312 },
    '17': { openPrice: 0.059084, highPrice: 0.059277, lowPrice: 0.058426 },
    '21': { openPrice: 0.059134, highPrice: 0.060522, lowPrice: 0.058751 },
    '01': { openPrice: 0.059312, highPrice: 0.059506, lowPrice: 0.059148 },
    '05': { openPrice: 0.059354, highPrice: 0.05937, lowPrice: 0.058837 },
    '09': { openPrice: 0.058971, highPrice: 0.059343, lowPrice: 0.05779 }
  },
  '2021-07-21': {
    '13': { openPrice: 0.060387, highPrice: 0.060999, lowPrice: 0.060299 },
    '17': { openPrice: 0.060845, highPrice: 0.060975, lowPrice: 0.060325 },
    '21': { openPrice: 0.06047, highPrice: 0.061271, lowPrice: 0.060214 },
    '01': { openPrice: 0.060388, highPrice: 0.060675, lowPrice: 0.059946 },
    '05': { openPrice: 0.060087, highPrice: 0.060252, lowPrice: 0.059832 },
    '09': { openPrice: 0.059952, highPrice: 0.060468, lowPrice: 0.059474 }
  },
  '2021-07-22': {
    '13': { openPrice: 0.061902, highPrice: 0.06238, lowPrice: 0.061635 },
    '17': { openPrice: 0.061991, highPrice: 0.062592, lowPrice: 0.061928 },
    '21': { openPrice: 0.062165, highPrice: 0.062695, lowPrice: 0.061376 },
    '01': { openPrice: 0.061212, highPrice: 0.0625, lowPrice: 0.061035 },
    '05': { openPrice: 0.061259, highPrice: 0.06209, lowPrice: 0.06106 },
    '09': { openPrice: 0.06209, highPrice: 0.0626, lowPrice: 0.061613 }
  },
  '2021-07-23': {
    '13': { openPrice: 0.063203, highPrice: 0.063826, lowPrice: 0.063111 },
    '17': { openPrice: 0.063544, highPrice: 0.063838, lowPrice: 0.063167 },
    '21': { openPrice: 0.063624, highPrice: 0.063839, lowPrice: 0.063373 },
    '01': { openPrice: 0.062566, highPrice: 0.06293, lowPrice: 0.062381 },
    '05': { openPrice: 0.06267, highPrice: 0.062765, lowPrice: 0.0621 },
    '09': { openPrice: 0.062699, highPrice: 0.063446, lowPrice: 0.062538 }
  },
  '2021-07-24': {
    '13': { openPrice: 0.063514, highPrice: 0.063644, lowPrice: 0.062968 },
    '17': { openPrice: 0.063073, highPrice: 0.0638, lowPrice: 0.062884 },
    '21': { openPrice: 0.063627, highPrice: 0.064078, lowPrice: 0.063518 },
    '01': { openPrice: 0.06338, highPrice: 0.063402, lowPrice: 0.062232 },
    '05': { openPrice: 0.062655, highPrice: 0.063582, lowPrice: 0.062599 },
    '09': { openPrice: 0.063164, highPrice: 0.063524, lowPrice: 0.062817 }
  },
  '2021-07-25': {
    '13': { openPrice: 0.062981, highPrice: 0.063118, lowPrice: 0.062665 },
    '17': { openPrice: 0.062693, highPrice: 0.0632, lowPrice: 0.062564 },
    '21': { openPrice: 0.062792, highPrice: 0.062792, lowPrice: 0.062027 },
    '01': { openPrice: 0.06354, highPrice: 0.063928, lowPrice: 0.063261 },
    '05': { openPrice: 0.063399, highPrice: 0.0639, lowPrice: 0.063159 },
    '09': { openPrice: 0.063777, highPrice: 0.063869, lowPrice: 0.062964 }
  },
  '2021-07-26': {
    '13': { openPrice: 0.060528, highPrice: 0.061355, lowPrice: 0.060377 },
    '17': { openPrice: 0.060964, highPrice: 0.061401, lowPrice: 0.060793 },
    '21': { openPrice: 0.060866, highPrice: 0.061128, lowPrice: 0.060577 },
    '01': { openPrice: 0.062562, highPrice: 0.06281, lowPrice: 0.062159 },
    '05': { openPrice: 0.062675, highPrice: 0.062877, lowPrice: 0.061883 },
    '09': { openPrice: 0.061901, highPrice: 0.062549, lowPrice: 0.058669 }
  },
  '2021-07-27': {
    '13': { openPrice: 0.059002, highPrice: 0.059404, lowPrice: 0.058939 },
    '17': { openPrice: 0.059335, highPrice: 0.059926, lowPrice: 0.059208 },
    '21': { openPrice: 0.059856, highPrice: 0.060347, lowPrice: 0.059387 },
    '01': { openPrice: 0.060725, highPrice: 0.060809, lowPrice: 0.059446 },
    '05': { openPrice: 0.060019, highPrice: 0.06032, lowPrice: 0.059412 },
    '09': { openPrice: 0.05982, highPrice: 0.059883, lowPrice: 0.058614 }
  },
  '2021-07-28': {
    '13': { openPrice: 0.057464, highPrice: 0.057705, lowPrice: 0.057031 },
    '17': { openPrice: 0.057552, highPrice: 0.058086, lowPrice: 0.057129 },
    '21': { openPrice: 0.057186, highPrice: 0.057945, lowPrice: 0.057039 },
    '01': { openPrice: 0.059595, highPrice: 0.059615, lowPrice: 0.05875 },
    '05': { openPrice: 0.058971, highPrice: 0.059299, lowPrice: 0.058271 },
    '09': { openPrice: 0.058273, highPrice: 0.058441, lowPrice: 0.057374 }
  },
  '2021-07-29': {
    '13': { openPrice: 0.057503, highPrice: 0.057587, lowPrice: 0.057202 },
    '17': { openPrice: 0.057467, highPrice: 0.057836, lowPrice: 0.057288 },
    '21': { openPrice: 0.057665, highPrice: 0.05837, lowPrice: 0.057665 },
    '01': { openPrice: 0.057746, highPrice: 0.05825, lowPrice: 0.057089 },
    '05': { openPrice: 0.057194, highPrice: 0.057782, lowPrice: 0.057168 },
    '09': { openPrice: 0.057493, highPrice: 0.057788, lowPrice: 0.057297 }
  },
  '2021-07-30': {
    '13': { openPrice: 0.060601, highPrice: 0.06095, lowPrice: 0.06013 },
    '17': { openPrice: 0.060534, highPrice: 0.060864, lowPrice: 0.06027 },
    '21': { openPrice: 0.060427, highPrice: 0.060544, lowPrice: 0.05987 },
    '01': { openPrice: 0.058184, highPrice: 0.058778, lowPrice: 0.058138 },
    '05': { openPrice: 0.058274, highPrice: 0.059778, lowPrice: 0.058165 },
    '09': { openPrice: 0.059547, highPrice: 0.060973, lowPrice: 0.059487 }
  },
  '2021-07-31': {
    '13': { openPrice: 0.05892, highPrice: 0.058958, lowPrice: 0.058422 },
    '17': { openPrice: 0.058788, highPrice: 0.059351, lowPrice: 0.058745 },
    '21': { openPrice: 0.059109, highPrice: 0.059259, lowPrice: 0.058875 },
    '01': { openPrice: 0.060057, highPrice: 0.06035, lowPrice: 0.059683 },
    '05': { openPrice: 0.059685, highPrice: 0.059963, lowPrice: 0.058315 },
    '09': { openPrice: 0.058328, highPrice: 0.058933, lowPrice: 0.0581 }
  },
  '2021-08-01': {
    '13': { openPrice: 0.061657, highPrice: 0.062536, lowPrice: 0.061608 },
    '17': { openPrice: 0.062016, highPrice: 0.062388, lowPrice: 0.061986 },
    '21': { openPrice: 0.06221, highPrice: 0.062698, lowPrice: 0.062172 },
    '01': { openPrice: 0.059174, highPrice: 0.059489, lowPrice: 0.059158 },
    '05': { openPrice: 0.05948, highPrice: 0.061119, lowPrice: 0.059354 },
    '09': { openPrice: 0.06104, highPrice: 0.061999, lowPrice: 0.061035 }
  },
  '2021-08-02': {
    '13': { openPrice: 0.064346, highPrice: 0.065372, lowPrice: 0.064144 },
    '17': { openPrice: 0.065263, highPrice: 0.065754, lowPrice: 0.064925 },
    '21': { openPrice: 0.06551, highPrice: 0.066707, lowPrice: 0.065503 },
    '01': { openPrice: 0.062565, highPrice: 0.064385, lowPrice: 0.062043 },
    '05': { openPrice: 0.064355, highPrice: 0.065053, lowPrice: 0.063889 },
    '09': { openPrice: 0.064121, highPrice: 0.064591, lowPrice: 0.063557 }
  },
  '2021-08-03': {
    '13': { openPrice: 0.065534, highPrice: 0.065623, lowPrice: 0.063829 },
    '17': { openPrice: 0.064597, highPrice: 0.065249, lowPrice: 0.064243 },
    '21': { openPrice: 0.064663, highPrice: 0.06575, lowPrice: 0.064501 },
    '01': { openPrice: 0.066328, highPrice: 0.066969, lowPrice: 0.066127 },
    '05': { openPrice: 0.066416, highPrice: 0.06705, lowPrice: 0.066388 },
    '09': { openPrice: 0.066595, highPrice: 0.066733, lowPrice: 0.065369 }
  },
  '2021-08-04': {
    '13': { openPrice: 0.065429, highPrice: 0.065958, lowPrice: 0.065235 },
    '17': { openPrice: 0.065525, highPrice: 0.065821, lowPrice: 0.06537 },
    '21': { openPrice: 0.065666, highPrice: 0.068401, lowPrice: 0.065493 },
    '01': { openPrice: 0.06541, highPrice: 0.065494, lowPrice: 0.064874 },
    '05': { openPrice: 0.065115, highPrice: 0.06602, lowPrice: 0.0646 },
    '09': { openPrice: 0.065669, highPrice: 0.066052, lowPrice: 0.065245 }
  },
  '2021-08-05': {
    '13': { openPrice: 0.06878, highPrice: 0.069121, lowPrice: 0.0683 },
    '17': { openPrice: 0.06899, highPrice: 0.069237, lowPrice: 0.067743 },
    '21': { openPrice: 0.068985, highPrice: 0.073242, lowPrice: 0.067133 },
    '01': { openPrice: 0.068011, highPrice: 0.068985, lowPrice: 0.067604 },
    '05': { openPrice: 0.067782, highPrice: 0.069349, lowPrice: 0.067695 },
    '09': { openPrice: 0.068588, highPrice: 0.06891, lowPrice: 0.068045 }
  },
  '2021-08-06': {
    '13': { openPrice: 0.068643, highPrice: 0.069157, lowPrice: 0.067545 },
    '17': { openPrice: 0.067954, highPrice: 0.068071, lowPrice: 0.067303 },
    '21': { openPrice: 0.067547, highPrice: 0.068187, lowPrice: 0.066943 },
    '01': { openPrice: 0.071095, highPrice: 0.07122, lowPrice: 0.067736 },
    '05': { openPrice: 0.068727, highPrice: 0.069393, lowPrice: 0.068162 },
    '09': { openPrice: 0.069187, highPrice: 0.06965, lowPrice: 0.068559 }
  },
  '2021-08-07': {
    '13': { openPrice: 0.067168, highPrice: 0.068832, lowPrice: 0.067103 },
    '17': { openPrice: 0.068402, highPrice: 0.070994, lowPrice: 0.068254 },
    '21': { openPrice: 0.070903, highPrice: 0.071535, lowPrice: 0.070451 },
    '01': { openPrice: 0.067273, highPrice: 0.0688, lowPrice: 0.0666 },
    '05': { openPrice: 0.068272, highPrice: 0.068489, lowPrice: 0.067271 },
    '09': { openPrice: 0.067506, highPrice: 0.067757, lowPrice: 0.067033 }
  },
  '2021-08-08': {
    '13': { openPrice: 0.070399, highPrice: 0.070598, lowPrice: 0.069553 },
    '17': { openPrice: 0.070027, highPrice: 0.070529, lowPrice: 0.069645 },
    '21': { openPrice: 0.069771, highPrice: 0.06998, lowPrice: 0.06882 },
    '01': { openPrice: 0.071084, highPrice: 0.071372, lowPrice: 0.069873 },
    '05': { openPrice: 0.069981, highPrice: 0.071081, lowPrice: 0.069896 },
    '09': { openPrice: 0.070908, highPrice: 0.071331, lowPrice: 0.070185 }
  },
  '2021-08-09': {
    '13': { openPrice: 0.067778, highPrice: 0.067969, lowPrice: 0.066877 },
    '17': { openPrice: 0.067216, highPrice: 0.068712, lowPrice: 0.067181 },
    '21': { openPrice: 0.06822, highPrice: 0.069078, lowPrice: 0.068001 },
    '01': { openPrice: 0.068897, highPrice: 0.06917, lowPrice: 0.068 },
    '05': { openPrice: 0.068295, highPrice: 0.069084, lowPrice: 0.067886 },
    '09': { openPrice: 0.068766, highPrice: 0.069094, lowPrice: 0.067616 }
  },
  '2021-08-10': {
    '13': { openPrice: 0.068156, highPrice: 0.068778, lowPrice: 0.068029 },
    '17': { openPrice: 0.068364, highPrice: 0.069281, lowPrice: 0.06828 },
    '21': { openPrice: 0.068868, highPrice: 0.070419, lowPrice: 0.068808 },
    '01': { openPrice: 0.069035, highPrice: 0.069095, lowPrice: 0.068342 },
    '05': { openPrice: 0.06846, highPrice: 0.068536, lowPrice: 0.067291 },
    '09': { openPrice: 0.068337, highPrice: 0.068614, lowPrice: 0.067666 }
  },
  '2021-08-11': {
    '13': { openPrice: 0.069307, highPrice: 0.070004, lowPrice: 0.068851 },
    '17': { openPrice: 0.069732, highPrice: 0.0702, lowPrice: 0.069469 },
    '21': { openPrice: 0.069996, highPrice: 0.070295, lowPrice: 0.069718 },
    '01': { openPrice: 0.069108, highPrice: 0.069199, lowPrice: 0.068326 },
    '05': { openPrice: 0.069066, highPrice: 0.069615, lowPrice: 0.068877 },
    '09': { openPrice: 0.068913, highPrice: 0.0696, lowPrice: 0.06867 }
  },
  '2021-08-12': {
    '13': { openPrice: 0.069939, highPrice: 0.07, lowPrice: 0.069 },
    '17': { openPrice: 0.069435, highPrice: 0.069578, lowPrice: 0.068985 },
    '21': { openPrice: 0.069141, highPrice: 0.069709, lowPrice: 0.068536 },
    '01': { openPrice: 0.069858, highPrice: 0.070382, lowPrice: 0.069547 },
    '05': { openPrice: 0.069951, highPrice: 0.070031, lowPrice: 0.069054 },
    '09': { openPrice: 0.069439, highPrice: 0.070314, lowPrice: 0.069217 }
  },
  '2021-08-13': {
    '13': { openPrice: 0.068867, highPrice: 0.069998, lowPrice: 0.068867 },
    '17': { openPrice: 0.069924, highPrice: 0.070328, lowPrice: 0.069641 },
    '21': { openPrice: 0.069646, highPrice: 0.0698, lowPrice: 0.068819 },
    '01': { openPrice: 0.068546, highPrice: 0.068984, lowPrice: 0.067948 },
    '05': { openPrice: 0.068705, highPrice: 0.069096, lowPrice: 0.067664 },
    '09': { openPrice: 0.068601, highPrice: 0.069128, lowPrice: 0.068484 }
  },
  '2021-08-14': {
    '13': { openPrice: 0.069325, highPrice: 0.069649, lowPrice: 0.069069 },
    '17': { openPrice: 0.069467, highPrice: 0.069784, lowPrice: 0.069114 },
    '21': { openPrice: 0.069674, highPrice: 0.069949, lowPrice: 0.069465 },
    '01': { openPrice: 0.069326, highPrice: 0.069636, lowPrice: 0.069175 },
    '05': { openPrice: 0.069422, highPrice: 0.069689, lowPrice: 0.068707 },
    '09': { openPrice: 0.069509, highPrice: 0.069624, lowPrice: 0.069102 }
  },
  '2021-08-15': {
    '13': { openPrice: 0.069279, highPrice: 0.069598, lowPrice: 0.068931 },
    '17': { openPrice: 0.069111, highPrice: 0.069371, lowPrice: 0.068571 },
    '21': { openPrice: 0.068814, highPrice: 0.068922, lowPrice: 0.068337 },
    '01': { openPrice: 0.069666, highPrice: 0.069732, lowPrice: 0.0693 },
    '05': { openPrice: 0.06937, highPrice: 0.069524, lowPrice: 0.069115 },
    '09': { openPrice: 0.069326, highPrice: 0.069598, lowPrice: 0.069048 }
  },
  '2021-08-16': {
    '13': { openPrice: 0.068857, highPrice: 0.069466, lowPrice: 0.06875 },
    '17': { openPrice: 0.069246, highPrice: 0.069619, lowPrice: 0.06915 },
    '21': { openPrice: 0.069245, highPrice: 0.069687, lowPrice: 0.069125 },
    '01': { openPrice: 0.06837, highPrice: 0.069251, lowPrice: 0.068133 },
    '05': { openPrice: 0.069217, highPrice: 0.070486, lowPrice: 0.069154 },
    '09': { openPrice: 0.070406, highPrice: 0.070558, lowPrice: 0.068819 }
  },
  '2021-08-17': {
    '13': { openPrice: 0.068829, highPrice: 0.069123, lowPrice: 0.068673 },
    '17': { openPrice: 0.069013, highPrice: 0.069622, lowPrice: 0.068796 },
    '21': { openPrice: 0.069531, highPrice: 0.069949, lowPrice: 0.069144 },
    '01': { openPrice: 0.069566, highPrice: 0.069756, lowPrice: 0.0687 },
    '05': { openPrice: 0.068929, highPrice: 0.069186, lowPrice: 0.068514 },
    '09': { openPrice: 0.068554, highPrice: 0.068941, lowPrice: 0.068253 }
  },
  '2021-08-18': {
    '13': { openPrice: 0.067682, highPrice: 0.06793, lowPrice: 0.067332 },
    '17': { openPrice: 0.067415, highPrice: 0.067502, lowPrice: 0.06695 },
    '21': { openPrice: 0.067043, highPrice: 0.067955, lowPrice: 0.067043 },
    '01': { openPrice: 0.069233, highPrice: 0.069463, lowPrice: 0.068508 },
    '05': { openPrice: 0.068556, highPrice: 0.068641, lowPrice: 0.067216 },
    '09': { openPrice: 0.067391, highPrice: 0.067914, lowPrice: 0.066555 }
  },
  '2021-08-19': {
    '13': { openPrice: 0.06735, highPrice: 0.067851, lowPrice: 0.066954 },
    '17': { openPrice: 0.067079, highPrice: 0.067491, lowPrice: 0.067012 },
    '21': { openPrice: 0.067259, highPrice: 0.067424, lowPrice: 0.066841 },
    '01': { openPrice: 0.067893, highPrice: 0.068043, lowPrice: 0.067252 },
    '05': { openPrice: 0.067483, highPrice: 0.067878, lowPrice: 0.06729 },
    '09': { openPrice: 0.067442, highPrice: 0.067671, lowPrice: 0.067158 }
  },
  '2021-08-20': {
    '13': { openPrice: 0.068379, highPrice: 0.0687, lowPrice: 0.068283 },
    '17': { openPrice: 0.068691, highPrice: 0.06876, lowPrice: 0.067839 },
    '21': { openPrice: 0.068286, highPrice: 0.068689, lowPrice: 0.067362 },
    '01': { openPrice: 0.066998, highPrice: 0.067745, lowPrice: 0.065971 },
    '05': { openPrice: 0.067386, highPrice: 0.068213, lowPrice: 0.067386 },
    '09': { openPrice: 0.068093, highPrice: 0.06863, lowPrice: 0.068025 }
  },
  '2021-08-21': {
    '13': { openPrice: 0.067101, highPrice: 0.06754, lowPrice: 0.066953 },
    '17': { openPrice: 0.067293, highPrice: 0.067426, lowPrice: 0.066804 },
    '21': { openPrice: 0.067004, highPrice: 0.067142, lowPrice: 0.06645 },
    '01': { openPrice: 0.067393, highPrice: 0.067513, lowPrice: 0.066397 },
    '05': { openPrice: 0.066815, highPrice: 0.06718, lowPrice: 0.066226 },
    '09': { openPrice: 0.066598, highPrice: 0.067112, lowPrice: 0.06627 }
  },
  '2021-08-22': {
    '13': { openPrice: 0.066128, highPrice: 0.066466, lowPrice: 0.065701 },
    '17': { openPrice: 0.066306, highPrice: 0.066494, lowPrice: 0.066029 },
    '21': { openPrice: 0.066267, highPrice: 0.066464, lowPrice: 0.06545 },
    '01': { openPrice: 0.066521, highPrice: 0.066652, lowPrice: 0.065555 },
    '05': { openPrice: 0.065687, highPrice: 0.06617, lowPrice: 0.065619 },
    '09': { openPrice: 0.066018, highPrice: 0.066401, lowPrice: 0.066 }
  },
  '2021-08-23': {
    '13': { openPrice: 0.066458, highPrice: 0.066832, lowPrice: 0.066138 },
    '17': { openPrice: 0.066302, highPrice: 0.066743, lowPrice: 0.066207 },
    '21': { openPrice: 0.066341, highPrice: 0.067178, lowPrice: 0.066295 },
    '01': { openPrice: 0.06555, highPrice: 0.065595, lowPrice: 0.064866 },
    '05': { openPrice: 0.065271, highPrice: 0.065882, lowPrice: 0.064915 },
    '09': { openPrice: 0.065756, highPrice: 0.06691, lowPrice: 0.065411 }
  },
  '2021-08-24': {
    '13': { openPrice: 0.067383, highPrice: 0.067645, lowPrice: 0.067082 },
    '17': { openPrice: 0.067239, highPrice: 0.067368, lowPrice: 0.066928 },
    '21': { openPrice: 0.067225, highPrice: 0.067327, lowPrice: 0.066347 },
    '01': { openPrice: 0.067147, highPrice: 0.067528, lowPrice: 0.067103 },
    '05': { openPrice: 0.067212, highPrice: 0.067665, lowPrice: 0.066883 },
    '09': { openPrice: 0.067111, highPrice: 0.0675, lowPrice: 0.067111 }
  },
  '2021-08-25': {
    '13': { openPrice: 0.066172, highPrice: 0.0664, lowPrice: 0.06589 },
    '17': { openPrice: 0.066137, highPrice: 0.066258, lowPrice: 0.065229 },
    '21': { openPrice: 0.065996, highPrice: 0.066021, lowPrice: 0.065542 },
    '01': { openPrice: 0.066477, highPrice: 0.066739, lowPrice: 0.0658 },
    '05': { openPrice: 0.066697, highPrice: 0.066708, lowPrice: 0.066237 },
    '09': { openPrice: 0.066503, highPrice: 0.066805, lowPrice: 0.066121 }
  },
  '2021-08-26': {
    '13': { openPrice: 0.065718, highPrice: 0.066444, lowPrice: 0.065707 },
    '17': { openPrice: 0.066219, highPrice: 0.066308, lowPrice: 0.065845 },
    '21': { openPrice: 0.065922, highPrice: 0.066655, lowPrice: 0.065828 },
    '01': { openPrice: 0.065908, highPrice: 0.066163, lowPrice: 0.065834 },
    '05': { openPrice: 0.06607, highPrice: 0.066126, lowPrice: 0.06555 },
    '09': { openPrice: 0.065891, highPrice: 0.065999, lowPrice: 0.065431 }
  },
  '2021-08-27': {
    '13': { openPrice: 0.066086, highPrice: 0.066214, lowPrice: 0.0658 },
    '17': { openPrice: 0.065851, highPrice: 0.066497, lowPrice: 0.065727 },
    '21': { openPrice: 0.066491, highPrice: 0.067399, lowPrice: 0.066445 },
    '01': { openPrice: 0.066339, highPrice: 0.066571, lowPrice: 0.065982 },
    '05': { openPrice: 0.066236, highPrice: 0.066471, lowPrice: 0.065968 },
    '09': { openPrice: 0.066034, highPrice: 0.066129, lowPrice: 0.065701 }
  },
  '2021-08-28': {
    '13': { openPrice: 0.066418, highPrice: 0.066482, lowPrice: 0.065974 },
    '17': { openPrice: 0.065985, highPrice: 0.066428, lowPrice: 0.06597 },
    '21': { openPrice: 0.066198, highPrice: 0.066577, lowPrice: 0.06616 },
    '01': { openPrice: 0.067223, highPrice: 0.067289, lowPrice: 0.066765 },
    '05': { openPrice: 0.066933, highPrice: 0.067433, lowPrice: 0.066493 },
    '09': { openPrice: 0.066715, highPrice: 0.066868, lowPrice: 0.066208 }
  },
  '2021-08-29': {
    '13': { openPrice: 0.065955, highPrice: 0.066173, lowPrice: 0.065637 },
    '17': { openPrice: 0.066129, highPrice: 0.066238, lowPrice: 0.065882 },
    '21': { openPrice: 0.066066, highPrice: 0.06623, lowPrice: 0.065707 },
    '01': { openPrice: 0.066509, highPrice: 0.066624, lowPrice: 0.066182 },
    '05': { openPrice: 0.066403, highPrice: 0.066565, lowPrice: 0.066249 },
    '09': { openPrice: 0.066358, highPrice: 0.066585, lowPrice: 0.0657 }
  },
  '2021-08-30': {
    '13': { openPrice: 0.065918, highPrice: 0.066421, lowPrice: 0.065769 },
    '17': { openPrice: 0.066345, highPrice: 0.066597, lowPrice: 0.066288 },
    '21': { openPrice: 0.066541, highPrice: 0.067061, lowPrice: 0.066324 },
    '01': { openPrice: 0.065745, highPrice: 0.066074, lowPrice: 0.06565 },
    '05': { openPrice: 0.065997, highPrice: 0.066405, lowPrice: 0.065832 },
    '09': { openPrice: 0.066101, highPrice: 0.066272, lowPrice: 0.065755 }
  },
  '2021-08-31': {
    '13': { openPrice: 0.068677, highPrice: 0.07039, lowPrice: 0.068468 },
    '17': { openPrice: 0.070305, highPrice: 0.0716, lowPrice: 0.069983 },
    '21': { openPrice: 0.071501, highPrice: 0.071958, lowPrice: 0.071178 },
    '01': { openPrice: 0.067014, highPrice: 0.068988, lowPrice: 0.066978 },
    '05': { openPrice: 0.06872, highPrice: 0.069156, lowPrice: 0.068435 },
    '09': { openPrice: 0.06873, highPrice: 0.068949, lowPrice: 0.068288 }
  },
  '2021-09-01': {
    '13': { openPrice: 0.073179, highPrice: 0.074714, lowPrice: 0.07295 },
    '17': { openPrice: 0.074563, highPrice: 0.0748, lowPrice: 0.07386 },
    '21': { openPrice: 0.074, highPrice: 0.075454, lowPrice: 0.073894 },
    '01': { openPrice: 0.07146, highPrice: 0.072253, lowPrice: 0.071065 },
    '05': { openPrice: 0.072184, highPrice: 0.072931, lowPrice: 0.071921 },
    '09': { openPrice: 0.072807, highPrice: 0.073311, lowPrice: 0.072462 }
  },
  '2021-09-02': {
    '13': { openPrice: 0.07594, highPrice: 0.076262, lowPrice: 0.074539 },
    '17': { openPrice: 0.074892, highPrice: 0.075289, lowPrice: 0.074522 },
    '21': { openPrice: 0.075105, highPrice: 0.0763, lowPrice: 0.075055 },
    '01': { openPrice: 0.075399, highPrice: 0.078, lowPrice: 0.075389 },
    '05': { openPrice: 0.077124, highPrice: 0.0786, lowPrice: 0.077079 },
    '09': { openPrice: 0.078401, highPrice: 0.078409, lowPrice: 0.075321 }
  },
  '2021-09-03': {
    '13': { openPrice: 0.076944, highPrice: 0.077215, lowPrice: 0.076398 },
    '17': { openPrice: 0.07703, highPrice: 0.07955, lowPrice: 0.076922 },
    '21': { openPrice: 0.0788, highPrice: 0.078971, lowPrice: 0.077638 },
    '01': { openPrice: 0.075817, highPrice: 0.076881, lowPrice: 0.075816 },
    '05': { openPrice: 0.076693, highPrice: 0.077152, lowPrice: 0.076315 },
    '09': { openPrice: 0.076872, highPrice: 0.077309, lowPrice: 0.076628 }
  },
  '2021-09-04': {
    '13': { openPrice: 0.077915, highPrice: 0.07821, lowPrice: 0.077527 },
    '17': { openPrice: 0.078034, highPrice: 0.078717, lowPrice: 0.077721 },
    '21': { openPrice: 0.077897, highPrice: 0.078565, lowPrice: 0.077692 },
    '01': { openPrice: 0.078502, highPrice: 0.078936, lowPrice: 0.078051 },
    '05': { openPrice: 0.078051, highPrice: 0.07881, lowPrice: 0.07795 },
    '09': { openPrice: 0.078778, highPrice: 0.0793, lowPrice: 0.077838 }
  },
  '2021-09-05': {
    '13': { openPrice: 0.077421, highPrice: 0.077849, lowPrice: 0.077377 },
    '17': { openPrice: 0.077638, highPrice: 0.078767, lowPrice: 0.077493 },
    '21': { openPrice: 0.078178, highPrice: 0.07876, lowPrice: 0.0777 },
    '01': { openPrice: 0.078557, highPrice: 0.078582, lowPrice: 0.077047 },
    '05': { openPrice: 0.077196, highPrice: 0.07799, lowPrice: 0.077086 },
    '09': { openPrice: 0.077837, highPrice: 0.077993, lowPrice: 0.077283 }
  },
  '2021-09-06': {
    '13': { openPrice: 0.07568, highPrice: 0.0763, lowPrice: 0.0756 },
    '17': { openPrice: 0.076145, highPrice: 0.076808, lowPrice: 0.075766 },
    '21': { openPrice: 0.075977, highPrice: 0.076333, lowPrice: 0.075701 },
    '01': { openPrice: 0.077819, highPrice: 0.078096, lowPrice: 0.077482 },
    '05': { openPrice: 0.077513, highPrice: 0.077513, lowPrice: 0.075982 },
    '09': { openPrice: 0.076315, highPrice: 0.07638, lowPrice: 0.075597 }
  },
  '2021-09-07': {
    '13': { openPrice: 0.074317, highPrice: 0.074717, lowPrice: 0.074022 },
    '17': { openPrice: 0.074199, highPrice: 0.074199, lowPrice: 0.07265 },
    '21': { openPrice: 0.073602, highPrice: 0.074444, lowPrice: 0.06951 },
    '01': { openPrice: 0.07606, highPrice: 0.0764, lowPrice: 0.075961 },
    '05': { openPrice: 0.076145, highPrice: 0.076278, lowPrice: 0.074432 },
    '09': { openPrice: 0.074551, highPrice: 0.075051, lowPrice: 0.074135 }
  },
  '2021-09-08': {
    '01': { openPrice: 0.074009, highPrice: 0.075221, lowPrice: 0.072776 },
    '05': { openPrice: 0.073068, highPrice: 0.073382, lowPrice: 0.0725 }
  }
} ,
,
